<?xml version="1.0" encoding="UTF-8"?>
<robot generator="Robot 5.0.1 (Python 3.8.9 on darwin)" generated="20220812 20:50:04.048" rpa="false" schemaversion="3">
<suite id="s1" name="Main" source="/Users/srinath/Documents/GitHubTraining/Robot Scripting/Main.robot">
<test id="s1-t1" name="TC1" line="10">
<kw name="Log" library="BuiltIn">
<arg>${Name}</arg>
<doc>Logs the given message with the given level.</doc>
<msg timestamp="20220812 20:50:04.132" level="INFO">Srinath Kuppuswamy</msg>
<status status="PASS" starttime="20220812 20:50:04.132" endtime="20220812 20:50:04.132"/>
</kw>
<kw name="Log" library="BuiltIn">
<arg>${Age}</arg>
<doc>Logs the given message with the given level.</doc>
<msg timestamp="20220812 20:50:04.132" level="INFO">100</msg>
<status status="PASS" starttime="20220812 20:50:04.132" endtime="20220812 20:50:04.132"/>
</kw>
<kw name="Log" library="BuiltIn">
<arg>${Mobile}</arg>
<doc>Logs the given message with the given level.</doc>
<msg timestamp="20220812 20:50:04.132" level="INFO">9159348735</msg>
<status status="PASS" starttime="20220812 20:50:04.132" endtime="20220812 20:50:04.132"/>
</kw>
<status status="PASS" starttime="20220812 20:50:04.131" endtime="20220812 20:50:04.132"/>
</test>
<status status="PASS" starttime="20220812 20:50:04.049" endtime="20220812 20:50:04.132"/>
</suite>
<statistics>
<total>
<stat pass="1" fail="0" skip="0">All Tests</stat>
</total>
<tag>
</tag>
<suite>
<stat pass="1" fail="0" skip="0" id="s1" name="Main">Main</stat>
</suite>
</statistics>
<errors>
</errors>
</robot>
