<?xml version="1.0" encoding="UTF-8"?>
<robot generator="Robot 5.0.1 (Python 3.10.6 on darwin)" generated="20220812 20:09:51.239" rpa="false" schemaversion="3">
<suite id="s1" name="Main" source="/Users/srinath/Documents/GitHubTraining/Robot Scripting/Main.robot">
<test id="s1-t1" name="TC1" line="10">
<kw name="Log" library="BuiltIn">
<arg>${Name}</arg>
<doc>Logs the given message with the given level.</doc>
<msg timestamp="20220812 20:09:51.250" level="INFO">Srinath Kuppuswamy</msg>
<status status="PASS" starttime="20220812 20:09:51.250" endtime="20220812 20:09:51.250"/>
</kw>
<kw name="Log" library="BuiltIn">
<arg>${Age}</arg>
<doc>Logs the given message with the given level.</doc>
<msg timestamp="20220812 20:09:51.250" level="INFO">100</msg>
<status status="PASS" starttime="20220812 20:09:51.250" endtime="20220812 20:09:51.250"/>
</kw>
<kw name="Log" library="BuiltIn">
<arg>${Mobile}</arg>
<doc>Logs the given message with the given level.</doc>
<msg timestamp="20220812 20:09:51.250" level="INFO">9159348735</msg>
<status status="PASS" starttime="20220812 20:09:51.250" endtime="20220812 20:09:51.250"/>
</kw>
<status status="PASS" starttime="20220812 20:09:51.250" endtime="20220812 20:09:51.250"/>
</test>
<status status="PASS" starttime="20220812 20:09:51.239" endtime="20220812 20:09:51.250"/>
</suite>
<statistics>
<total>
<stat pass="1" fail="0" skip="0">All Tests</stat>
</total>
<tag>
</tag>
<suite>
<stat pass="1" fail="0" skip="0" id="s1" name="Main">Main</stat>
</suite>
</statistics>
<errors>
<msg timestamp="20220812 20:09:51.249" level="ERROR">Error in file '/Users/srinath/Documents/GitHubTraining/Robot Scripting/Main.robot' on line 2: Importing library 'SeleniumLibrary' failed: ModuleNotFoundError: No module named 'selenium'
Traceback (most recent call last):
  File "/opt/homebrew/lib/python3.10/site-packages/SeleniumLibrary/__init__.py", line 28, in &lt;module&gt;
    from selenium.webdriver.remote.webdriver import WebDriver
PYTHONPATH:
  /opt/homebrew/bin
  /opt/homebrew/Cellar/python@3.10/3.10.6_1/Frameworks/Python.framework/Versions/3.10/lib/python310.zip
  /opt/homebrew/Cellar/python@3.10/3.10.6_1/Frameworks/Python.framework/Versions/3.10/lib/python3.10
  /opt/homebrew/Cellar/python@3.10/3.10.6_1/Frameworks/Python.framework/Versions/3.10/lib/python3.10/lib-dynload
  /opt/homebrew/lib/python3.10/site-packages</msg>
</errors>
</robot>
