<?xml version="1.0" encoding="UTF-8"?>
<robot generator="Robot 6.1.1 (Python 3.11.8 on darwin)" generated="20240315 23:03:01.626" rpa="false" schemaversion="4">
<suite id="s1" name="GitHubTraining" source="/Users/srinath/Documents/GitHubTraining">
<suite id="s1-s1" name="Robot Scripting" source="/Users/srinath/Documents/GitHubTraining/Robot_Scripting">
<suite id="s1-s1-s1" name="Main" source="/Users/srinath/Documents/GitHubTraining/Robot_Scripting/Main.robot">
<test id="s1-s1-s1-t1" name="TestCase_01" line="25">
<kw name="Test Start" type="SETUP">
<kw name="Run" library="OperatingSystem">
<var>${robotversion}</var>
<arg>robot --version</arg>
<doc>Runs the given command in the system and returns the output.</doc>
<msg timestamp="20240315 23:03:02.292" level="INFO">Running command 'robot --version 2&gt;&amp;1'.</msg>
<msg timestamp="20240315 23:03:02.415" level="INFO">${robotversion} = Robot Framework 6.1.1 (Python 3.11.8 on darwin)</msg>
<status status="PASS" starttime="20240315 23:03:02.288" endtime="20240315 23:03:02.415"/>
</kw>
<kw name="Set Global Variable" library="BuiltIn">
<arg>${ROBOT}</arg>
<arg>${robotversion}</arg>
<doc>Makes a variable available globally in all tests and suites.</doc>
<msg timestamp="20240315 23:03:02.416" level="INFO">${ROBOT} = Robot Framework 6.1.1 (Python 3.11.8 on darwin)</msg>
<status status="PASS" starttime="20240315 23:03:02.416" endtime="20240315 23:03:02.416"/>
</kw>
<kw name="Log" library="BuiltIn">
<arg>Starting test case,${ROBOT},Running on,${HOST}</arg>
<doc>Logs the given message with the given level.</doc>
<msg timestamp="20240315 23:03:02.416" level="INFO">Starting test case,Robot Framework 6.1.1 (Python 3.11.8 on darwin),Running on,Srinaths-MacBook-Air.local</msg>
<status status="PASS" starttime="20240315 23:03:02.416" endtime="20240315 23:03:02.416"/>
</kw>
<status status="PASS" starttime="20240315 23:03:02.288" endtime="20240315 23:03:02.416"/>
</kw>
<kw name="Set Variable" library="BuiltIn">
<var>${index}</var>
<arg>0</arg>
<doc>Returns the given values which can then be assigned to a variables.</doc>
<msg timestamp="20240315 23:03:02.417" level="INFO">${index} = 0</msg>
<status status="PASS" starttime="20240315 23:03:02.417" endtime="20240315 23:03:02.417"/>
</kw>
<kw name="Get Length" library="BuiltIn">
<var>${length}</var>
<arg>${STRING}</arg>
<doc>Returns and logs the length of the given item as an integer.</doc>
<msg timestamp="20240315 23:03:02.417" level="INFO">Length is 76</msg>
<msg timestamp="20240315 23:03:02.417" level="INFO">${length} = 76</msg>
<status status="PASS" starttime="20240315 23:03:02.417" endtime="20240315 23:03:02.417"/>
</kw>
<for flavor="IN RANGE">
<var>${index}</var>
<value>0</value>
<value>${length}</value>
<iter>
<var name="${index}">0</var>
<kw name="Set Variable" library="BuiltIn">
<var>${char}</var>
<arg>${STRING[${index}]}</arg>
<doc>Returns the given values which can then be assigned to a variables.</doc>
<msg timestamp="20240315 23:03:02.418" level="INFO">${char} = T</msg>
<status status="PASS" starttime="20240315 23:03:02.418" endtime="20240315 23:03:02.418"/>
</kw>
<kw name="Log" library="BuiltIn">
<arg>${char}</arg>
<doc>Logs the given message with the given level.</doc>
<msg timestamp="20240315 23:03:02.418" level="INFO">T</msg>
<status status="PASS" starttime="20240315 23:03:02.418" endtime="20240315 23:03:02.418"/>
</kw>
<status status="PASS" starttime="20240315 23:03:02.417" endtime="20240315 23:03:02.418"/>
</iter>
<iter>
<var name="${index}">1</var>
<kw name="Set Variable" library="BuiltIn">
<var>${char}</var>
<arg>${STRING[${index}]}</arg>
<doc>Returns the given values which can then be assigned to a variables.</doc>
<msg timestamp="20240315 23:03:02.419" level="INFO">${char} = h</msg>
<status status="PASS" starttime="20240315 23:03:02.418" endtime="20240315 23:03:02.419"/>
</kw>
<kw name="Log" library="BuiltIn">
<arg>${char}</arg>
<doc>Logs the given message with the given level.</doc>
<msg timestamp="20240315 23:03:02.419" level="INFO">h</msg>
<status status="PASS" starttime="20240315 23:03:02.419" endtime="20240315 23:03:02.419"/>
</kw>
<status status="PASS" starttime="20240315 23:03:02.418" endtime="20240315 23:03:02.419"/>
</iter>
<iter>
<var name="${index}">2</var>
<kw name="Set Variable" library="BuiltIn">
<var>${char}</var>
<arg>${STRING[${index}]}</arg>
<doc>Returns the given values which can then be assigned to a variables.</doc>
<msg timestamp="20240315 23:03:02.419" level="INFO">${char} = i</msg>
<status status="PASS" starttime="20240315 23:03:02.419" endtime="20240315 23:03:02.419"/>
</kw>
<kw name="Log" library="BuiltIn">
<arg>${char}</arg>
<doc>Logs the given message with the given level.</doc>
<msg timestamp="20240315 23:03:02.420" level="INFO">i</msg>
<status status="PASS" starttime="20240315 23:03:02.419" endtime="20240315 23:03:02.420"/>
</kw>
<status status="PASS" starttime="20240315 23:03:02.419" endtime="20240315 23:03:02.420"/>
</iter>
<iter>
<var name="${index}">3</var>
<kw name="Set Variable" library="BuiltIn">
<var>${char}</var>
<arg>${STRING[${index}]}</arg>
<doc>Returns the given values which can then be assigned to a variables.</doc>
<msg timestamp="20240315 23:03:02.420" level="INFO">${char} = s</msg>
<status status="PASS" starttime="20240315 23:03:02.420" endtime="20240315 23:03:02.420"/>
</kw>
<kw name="Log" library="BuiltIn">
<arg>${char}</arg>
<doc>Logs the given message with the given level.</doc>
<msg timestamp="20240315 23:03:02.420" level="INFO">s</msg>
<status status="PASS" starttime="20240315 23:03:02.420" endtime="20240315 23:03:02.420"/>
</kw>
<status status="PASS" starttime="20240315 23:03:02.420" endtime="20240315 23:03:02.420"/>
</iter>
<iter>
<var name="${index}">4</var>
<kw name="Set Variable" library="BuiltIn">
<var>${char}</var>
<arg>${STRING[${index}]}</arg>
<doc>Returns the given values which can then be assigned to a variables.</doc>
<msg timestamp="20240315 23:03:02.421" level="INFO">${char} =  </msg>
<status status="PASS" starttime="20240315 23:03:02.420" endtime="20240315 23:03:02.421"/>
</kw>
<kw name="Log" library="BuiltIn">
<arg>${char}</arg>
<doc>Logs the given message with the given level.</doc>
<msg timestamp="20240315 23:03:02.421" level="INFO"> </msg>
<status status="PASS" starttime="20240315 23:03:02.421" endtime="20240315 23:03:02.421"/>
</kw>
<status status="PASS" starttime="20240315 23:03:02.420" endtime="20240315 23:03:02.421"/>
</iter>
<iter>
<var name="${index}">5</var>
<kw name="Set Variable" library="BuiltIn">
<var>${char}</var>
<arg>${STRING[${index}]}</arg>
<doc>Returns the given values which can then be assigned to a variables.</doc>
<msg timestamp="20240315 23:03:02.421" level="INFO">${char} = i</msg>
<status status="PASS" starttime="20240315 23:03:02.421" endtime="20240315 23:03:02.421"/>
</kw>
<kw name="Log" library="BuiltIn">
<arg>${char}</arg>
<doc>Logs the given message with the given level.</doc>
<msg timestamp="20240315 23:03:02.421" level="INFO">i</msg>
<status status="PASS" starttime="20240315 23:03:02.421" endtime="20240315 23:03:02.421"/>
</kw>
<status status="PASS" starttime="20240315 23:03:02.421" endtime="20240315 23:03:02.422"/>
</iter>
<iter>
<var name="${index}">6</var>
<kw name="Set Variable" library="BuiltIn">
<var>${char}</var>
<arg>${STRING[${index}]}</arg>
<doc>Returns the given values which can then be assigned to a variables.</doc>
<msg timestamp="20240315 23:03:02.422" level="INFO">${char} = s</msg>
<status status="PASS" starttime="20240315 23:03:02.422" endtime="20240315 23:03:02.422"/>
</kw>
<kw name="Log" library="BuiltIn">
<arg>${char}</arg>
<doc>Logs the given message with the given level.</doc>
<msg timestamp="20240315 23:03:02.422" level="INFO">s</msg>
<status status="PASS" starttime="20240315 23:03:02.422" endtime="20240315 23:03:02.422"/>
</kw>
<status status="PASS" starttime="20240315 23:03:02.422" endtime="20240315 23:03:02.422"/>
</iter>
<iter>
<var name="${index}">7</var>
<kw name="Set Variable" library="BuiltIn">
<var>${char}</var>
<arg>${STRING[${index}]}</arg>
<doc>Returns the given values which can then be assigned to a variables.</doc>
<msg timestamp="20240315 23:03:02.422" level="INFO">${char} =  </msg>
<status status="PASS" starttime="20240315 23:03:02.422" endtime="20240315 23:03:02.423"/>
</kw>
<kw name="Log" library="BuiltIn">
<arg>${char}</arg>
<doc>Logs the given message with the given level.</doc>
<msg timestamp="20240315 23:03:02.423" level="INFO"> </msg>
<status status="PASS" starttime="20240315 23:03:02.423" endtime="20240315 23:03:02.423"/>
</kw>
<status status="PASS" starttime="20240315 23:03:02.422" endtime="20240315 23:03:02.423"/>
</iter>
<iter>
<var name="${index}">8</var>
<kw name="Set Variable" library="BuiltIn">
<var>${char}</var>
<arg>${STRING[${index}]}</arg>
<doc>Returns the given values which can then be assigned to a variables.</doc>
<msg timestamp="20240315 23:03:02.424" level="INFO">${char} = a</msg>
<status status="PASS" starttime="20240315 23:03:02.423" endtime="20240315 23:03:02.424"/>
</kw>
<kw name="Log" library="BuiltIn">
<arg>${char}</arg>
<doc>Logs the given message with the given level.</doc>
<msg timestamp="20240315 23:03:02.424" level="INFO">a</msg>
<status status="PASS" starttime="20240315 23:03:02.424" endtime="20240315 23:03:02.424"/>
</kw>
<status status="PASS" starttime="20240315 23:03:02.423" endtime="20240315 23:03:02.424"/>
</iter>
<iter>
<var name="${index}">9</var>
<kw name="Set Variable" library="BuiltIn">
<var>${char}</var>
<arg>${STRING[${index}]}</arg>
<doc>Returns the given values which can then be assigned to a variables.</doc>
<msg timestamp="20240315 23:03:02.424" level="INFO">${char} =  </msg>
<status status="PASS" starttime="20240315 23:03:02.424" endtime="20240315 23:03:02.425"/>
</kw>
<kw name="Log" library="BuiltIn">
<arg>${char}</arg>
<doc>Logs the given message with the given level.</doc>
<msg timestamp="20240315 23:03:02.425" level="INFO"> </msg>
<status status="PASS" starttime="20240315 23:03:02.425" endtime="20240315 23:03:02.425"/>
</kw>
<status status="PASS" starttime="20240315 23:03:02.424" endtime="20240315 23:03:02.425"/>
</iter>
<iter>
<var name="${index}">10</var>
<kw name="Set Variable" library="BuiltIn">
<var>${char}</var>
<arg>${STRING[${index}]}</arg>
<doc>Returns the given values which can then be assigned to a variables.</doc>
<msg timestamp="20240315 23:03:02.425" level="INFO">${char} = l</msg>
<status status="PASS" starttime="20240315 23:03:02.425" endtime="20240315 23:03:02.425"/>
</kw>
<kw name="Log" library="BuiltIn">
<arg>${char}</arg>
<doc>Logs the given message with the given level.</doc>
<msg timestamp="20240315 23:03:02.425" level="INFO">l</msg>
<status status="PASS" starttime="20240315 23:03:02.425" endtime="20240315 23:03:02.425"/>
</kw>
<status status="PASS" starttime="20240315 23:03:02.425" endtime="20240315 23:03:02.425"/>
</iter>
<iter>
<var name="${index}">11</var>
<kw name="Set Variable" library="BuiltIn">
<var>${char}</var>
<arg>${STRING[${index}]}</arg>
<doc>Returns the given values which can then be assigned to a variables.</doc>
<msg timestamp="20240315 23:03:02.426" level="INFO">${char} = o</msg>
<status status="PASS" starttime="20240315 23:03:02.425" endtime="20240315 23:03:02.426"/>
</kw>
<kw name="Log" library="BuiltIn">
<arg>${char}</arg>
<doc>Logs the given message with the given level.</doc>
<msg timestamp="20240315 23:03:02.426" level="INFO">o</msg>
<status status="PASS" starttime="20240315 23:03:02.426" endtime="20240315 23:03:02.426"/>
</kw>
<status status="PASS" starttime="20240315 23:03:02.425" endtime="20240315 23:03:02.426"/>
</iter>
<iter>
<var name="${index}">12</var>
<kw name="Set Variable" library="BuiltIn">
<var>${char}</var>
<arg>${STRING[${index}]}</arg>
<doc>Returns the given values which can then be assigned to a variables.</doc>
<msg timestamp="20240315 23:03:02.426" level="INFO">${char} = n</msg>
<status status="PASS" starttime="20240315 23:03:02.426" endtime="20240315 23:03:02.426"/>
</kw>
<kw name="Log" library="BuiltIn">
<arg>${char}</arg>
<doc>Logs the given message with the given level.</doc>
<msg timestamp="20240315 23:03:02.427" level="INFO">n</msg>
<status status="PASS" starttime="20240315 23:03:02.426" endtime="20240315 23:03:02.427"/>
</kw>
<status status="PASS" starttime="20240315 23:03:02.426" endtime="20240315 23:03:02.427"/>
</iter>
<iter>
<var name="${index}">13</var>
<kw name="Set Variable" library="BuiltIn">
<var>${char}</var>
<arg>${STRING[${index}]}</arg>
<doc>Returns the given values which can then be assigned to a variables.</doc>
<msg timestamp="20240315 23:03:02.427" level="INFO">${char} = g</msg>
<status status="PASS" starttime="20240315 23:03:02.427" endtime="20240315 23:03:02.427"/>
</kw>
<kw name="Log" library="BuiltIn">
<arg>${char}</arg>
<doc>Logs the given message with the given level.</doc>
<msg timestamp="20240315 23:03:02.427" level="INFO">g</msg>
<status status="PASS" starttime="20240315 23:03:02.427" endtime="20240315 23:03:02.427"/>
</kw>
<status status="PASS" starttime="20240315 23:03:02.427" endtime="20240315 23:03:02.427"/>
</iter>
<iter>
<var name="${index}">14</var>
<kw name="Set Variable" library="BuiltIn">
<var>${char}</var>
<arg>${STRING[${index}]}</arg>
<doc>Returns the given values which can then be assigned to a variables.</doc>
<msg timestamp="20240315 23:03:02.428" level="INFO">${char} =  </msg>
<status status="PASS" starttime="20240315 23:03:02.427" endtime="20240315 23:03:02.428"/>
</kw>
<kw name="Log" library="BuiltIn">
<arg>${char}</arg>
<doc>Logs the given message with the given level.</doc>
<msg timestamp="20240315 23:03:02.428" level="INFO"> </msg>
<status status="PASS" starttime="20240315 23:03:02.428" endtime="20240315 23:03:02.428"/>
</kw>
<status status="PASS" starttime="20240315 23:03:02.427" endtime="20240315 23:03:02.428"/>
</iter>
<iter>
<var name="${index}">15</var>
<kw name="Set Variable" library="BuiltIn">
<var>${char}</var>
<arg>${STRING[${index}]}</arg>
<doc>Returns the given values which can then be assigned to a variables.</doc>
<msg timestamp="20240315 23:03:02.428" level="INFO">${char} = s</msg>
<status status="PASS" starttime="20240315 23:03:02.428" endtime="20240315 23:03:02.428"/>
</kw>
<kw name="Log" library="BuiltIn">
<arg>${char}</arg>
<doc>Logs the given message with the given level.</doc>
<msg timestamp="20240315 23:03:02.428" level="INFO">s</msg>
<status status="PASS" starttime="20240315 23:03:02.428" endtime="20240315 23:03:02.428"/>
</kw>
<status status="PASS" starttime="20240315 23:03:02.428" endtime="20240315 23:03:02.428"/>
</iter>
<iter>
<var name="${index}">16</var>
<kw name="Set Variable" library="BuiltIn">
<var>${char}</var>
<arg>${STRING[${index}]}</arg>
<doc>Returns the given values which can then be assigned to a variables.</doc>
<msg timestamp="20240315 23:03:02.429" level="INFO">${char} = t</msg>
<status status="PASS" starttime="20240315 23:03:02.429" endtime="20240315 23:03:02.429"/>
</kw>
<kw name="Log" library="BuiltIn">
<arg>${char}</arg>
<doc>Logs the given message with the given level.</doc>
<msg timestamp="20240315 23:03:02.429" level="INFO">t</msg>
<status status="PASS" starttime="20240315 23:03:02.429" endtime="20240315 23:03:02.429"/>
</kw>
<status status="PASS" starttime="20240315 23:03:02.428" endtime="20240315 23:03:02.429"/>
</iter>
<iter>
<var name="${index}">17</var>
<kw name="Set Variable" library="BuiltIn">
<var>${char}</var>
<arg>${STRING[${index}]}</arg>
<doc>Returns the given values which can then be assigned to a variables.</doc>
<msg timestamp="20240315 23:03:02.429" level="INFO">${char} = r</msg>
<status status="PASS" starttime="20240315 23:03:02.429" endtime="20240315 23:03:02.429"/>
</kw>
<kw name="Log" library="BuiltIn">
<arg>${char}</arg>
<doc>Logs the given message with the given level.</doc>
<msg timestamp="20240315 23:03:02.430" level="INFO">r</msg>
<status status="PASS" starttime="20240315 23:03:02.429" endtime="20240315 23:03:02.430"/>
</kw>
<status status="PASS" starttime="20240315 23:03:02.429" endtime="20240315 23:03:02.430"/>
</iter>
<iter>
<var name="${index}">18</var>
<kw name="Set Variable" library="BuiltIn">
<var>${char}</var>
<arg>${STRING[${index}]}</arg>
<doc>Returns the given values which can then be assigned to a variables.</doc>
<msg timestamp="20240315 23:03:02.430" level="INFO">${char} = i</msg>
<status status="PASS" starttime="20240315 23:03:02.430" endtime="20240315 23:03:02.430"/>
</kw>
<kw name="Log" library="BuiltIn">
<arg>${char}</arg>
<doc>Logs the given message with the given level.</doc>
<msg timestamp="20240315 23:03:02.430" level="INFO">i</msg>
<status status="PASS" starttime="20240315 23:03:02.430" endtime="20240315 23:03:02.430"/>
</kw>
<status status="PASS" starttime="20240315 23:03:02.430" endtime="20240315 23:03:02.431"/>
</iter>
<iter>
<var name="${index}">19</var>
<kw name="Set Variable" library="BuiltIn">
<var>${char}</var>
<arg>${STRING[${index}]}</arg>
<doc>Returns the given values which can then be assigned to a variables.</doc>
<msg timestamp="20240315 23:03:02.431" level="INFO">${char} = n</msg>
<status status="PASS" starttime="20240315 23:03:02.431" endtime="20240315 23:03:02.431"/>
</kw>
<kw name="Log" library="BuiltIn">
<arg>${char}</arg>
<doc>Logs the given message with the given level.</doc>
<msg timestamp="20240315 23:03:02.431" level="INFO">n</msg>
<status status="PASS" starttime="20240315 23:03:02.431" endtime="20240315 23:03:02.431"/>
</kw>
<status status="PASS" starttime="20240315 23:03:02.431" endtime="20240315 23:03:02.431"/>
</iter>
<iter>
<var name="${index}">20</var>
<kw name="Set Variable" library="BuiltIn">
<var>${char}</var>
<arg>${STRING[${index}]}</arg>
<doc>Returns the given values which can then be assigned to a variables.</doc>
<msg timestamp="20240315 23:03:02.432" level="INFO">${char} = g</msg>
<status status="PASS" starttime="20240315 23:03:02.431" endtime="20240315 23:03:02.432"/>
</kw>
<kw name="Log" library="BuiltIn">
<arg>${char}</arg>
<doc>Logs the given message with the given level.</doc>
<msg timestamp="20240315 23:03:02.432" level="INFO">g</msg>
<status status="PASS" starttime="20240315 23:03:02.432" endtime="20240315 23:03:02.432"/>
</kw>
<status status="PASS" starttime="20240315 23:03:02.431" endtime="20240315 23:03:02.432"/>
</iter>
<iter>
<var name="${index}">21</var>
<kw name="Set Variable" library="BuiltIn">
<var>${char}</var>
<arg>${STRING[${index}]}</arg>
<doc>Returns the given values which can then be assigned to a variables.</doc>
<msg timestamp="20240315 23:03:02.432" level="INFO">${char} = .</msg>
<status status="PASS" starttime="20240315 23:03:02.432" endtime="20240315 23:03:02.432"/>
</kw>
<kw name="Log" library="BuiltIn">
<arg>${char}</arg>
<doc>Logs the given message with the given level.</doc>
<msg timestamp="20240315 23:03:02.432" level="INFO">.</msg>
<status status="PASS" starttime="20240315 23:03:02.432" endtime="20240315 23:03:02.432"/>
</kw>
<status status="PASS" starttime="20240315 23:03:02.432" endtime="20240315 23:03:02.432"/>
</iter>
<iter>
<var name="${index}">22</var>
<kw name="Set Variable" library="BuiltIn">
<var>${char}</var>
<arg>${STRING[${index}]}</arg>
<doc>Returns the given values which can then be assigned to a variables.</doc>
<msg timestamp="20240315 23:03:02.433" level="INFO">${char} =  </msg>
<status status="PASS" starttime="20240315 23:03:02.433" endtime="20240315 23:03:02.433"/>
</kw>
<kw name="Log" library="BuiltIn">
<arg>${char}</arg>
<doc>Logs the given message with the given level.</doc>
<msg timestamp="20240315 23:03:02.433" level="INFO"> </msg>
<status status="PASS" starttime="20240315 23:03:02.433" endtime="20240315 23:03:02.433"/>
</kw>
<status status="PASS" starttime="20240315 23:03:02.432" endtime="20240315 23:03:02.433"/>
</iter>
<iter>
<var name="${index}">23</var>
<kw name="Set Variable" library="BuiltIn">
<var>${char}</var>
<arg>${STRING[${index}]}</arg>
<doc>Returns the given values which can then be assigned to a variables.</doc>
<msg timestamp="20240315 23:03:02.433" level="INFO">${char} = I</msg>
<status status="PASS" starttime="20240315 23:03:02.433" endtime="20240315 23:03:02.433"/>
</kw>
<kw name="Log" library="BuiltIn">
<arg>${char}</arg>
<doc>Logs the given message with the given level.</doc>
<msg timestamp="20240315 23:03:02.434" level="INFO">I</msg>
<status status="PASS" starttime="20240315 23:03:02.433" endtime="20240315 23:03:02.434"/>
</kw>
<status status="PASS" starttime="20240315 23:03:02.433" endtime="20240315 23:03:02.434"/>
</iter>
<iter>
<var name="${index}">24</var>
<kw name="Set Variable" library="BuiltIn">
<var>${char}</var>
<arg>${STRING[${index}]}</arg>
<doc>Returns the given values which can then be assigned to a variables.</doc>
<msg timestamp="20240315 23:03:02.435" level="INFO">${char} = t</msg>
<status status="PASS" starttime="20240315 23:03:02.434" endtime="20240315 23:03:02.435"/>
</kw>
<kw name="Log" library="BuiltIn">
<arg>${char}</arg>
<doc>Logs the given message with the given level.</doc>
<msg timestamp="20240315 23:03:02.435" level="INFO">t</msg>
<status status="PASS" starttime="20240315 23:03:02.435" endtime="20240315 23:03:02.435"/>
</kw>
<status status="PASS" starttime="20240315 23:03:02.434" endtime="20240315 23:03:02.435"/>
</iter>
<iter>
<var name="${index}">25</var>
<kw name="Set Variable" library="BuiltIn">
<var>${char}</var>
<arg>${STRING[${index}]}</arg>
<doc>Returns the given values which can then be assigned to a variables.</doc>
<msg timestamp="20240315 23:03:02.435" level="INFO">${char} =  </msg>
<status status="PASS" starttime="20240315 23:03:02.435" endtime="20240315 23:03:02.435"/>
</kw>
<kw name="Log" library="BuiltIn">
<arg>${char}</arg>
<doc>Logs the given message with the given level.</doc>
<msg timestamp="20240315 23:03:02.435" level="INFO"> </msg>
<status status="PASS" starttime="20240315 23:03:02.435" endtime="20240315 23:03:02.435"/>
</kw>
<status status="PASS" starttime="20240315 23:03:02.435" endtime="20240315 23:03:02.435"/>
</iter>
<iter>
<var name="${index}">26</var>
<kw name="Set Variable" library="BuiltIn">
<var>${char}</var>
<arg>${STRING[${index}]}</arg>
<doc>Returns the given values which can then be assigned to a variables.</doc>
<msg timestamp="20240315 23:03:02.436" level="INFO">${char} = h</msg>
<status status="PASS" starttime="20240315 23:03:02.436" endtime="20240315 23:03:02.436"/>
</kw>
<kw name="Log" library="BuiltIn">
<arg>${char}</arg>
<doc>Logs the given message with the given level.</doc>
<msg timestamp="20240315 23:03:02.436" level="INFO">h</msg>
<status status="PASS" starttime="20240315 23:03:02.436" endtime="20240315 23:03:02.436"/>
</kw>
<status status="PASS" starttime="20240315 23:03:02.435" endtime="20240315 23:03:02.436"/>
</iter>
<iter>
<var name="${index}">27</var>
<kw name="Set Variable" library="BuiltIn">
<var>${char}</var>
<arg>${STRING[${index}]}</arg>
<doc>Returns the given values which can then be assigned to a variables.</doc>
<msg timestamp="20240315 23:03:02.436" level="INFO">${char} = a</msg>
<status status="PASS" starttime="20240315 23:03:02.436" endtime="20240315 23:03:02.436"/>
</kw>
<kw name="Log" library="BuiltIn">
<arg>${char}</arg>
<doc>Logs the given message with the given level.</doc>
<msg timestamp="20240315 23:03:02.437" level="INFO">a</msg>
<status status="PASS" starttime="20240315 23:03:02.436" endtime="20240315 23:03:02.437"/>
</kw>
<status status="PASS" starttime="20240315 23:03:02.436" endtime="20240315 23:03:02.437"/>
</iter>
<iter>
<var name="${index}">28</var>
<kw name="Set Variable" library="BuiltIn">
<var>${char}</var>
<arg>${STRING[${index}]}</arg>
<doc>Returns the given values which can then be assigned to a variables.</doc>
<msg timestamp="20240315 23:03:02.437" level="INFO">${char} = s</msg>
<status status="PASS" starttime="20240315 23:03:02.437" endtime="20240315 23:03:02.437"/>
</kw>
<kw name="Log" library="BuiltIn">
<arg>${char}</arg>
<doc>Logs the given message with the given level.</doc>
<msg timestamp="20240315 23:03:02.437" level="INFO">s</msg>
<status status="PASS" starttime="20240315 23:03:02.437" endtime="20240315 23:03:02.437"/>
</kw>
<status status="PASS" starttime="20240315 23:03:02.437" endtime="20240315 23:03:02.437"/>
</iter>
<iter>
<var name="${index}">29</var>
<kw name="Set Variable" library="BuiltIn">
<var>${char}</var>
<arg>${STRING[${index}]}</arg>
<doc>Returns the given values which can then be assigned to a variables.</doc>
<msg timestamp="20240315 23:03:02.438" level="INFO">${char} =  </msg>
<status status="PASS" starttime="20240315 23:03:02.437" endtime="20240315 23:03:02.438"/>
</kw>
<kw name="Log" library="BuiltIn">
<arg>${char}</arg>
<doc>Logs the given message with the given level.</doc>
<msg timestamp="20240315 23:03:02.438" level="INFO"> </msg>
<status status="PASS" starttime="20240315 23:03:02.438" endtime="20240315 23:03:02.438"/>
</kw>
<status status="PASS" starttime="20240315 23:03:02.437" endtime="20240315 23:03:02.438"/>
</iter>
<iter>
<var name="${index}">30</var>
<kw name="Set Variable" library="BuiltIn">
<var>${char}</var>
<arg>${STRING[${index}]}</arg>
<doc>Returns the given values which can then be assigned to a variables.</doc>
<msg timestamp="20240315 23:03:02.438" level="INFO">${char} = m</msg>
<status status="PASS" starttime="20240315 23:03:02.438" endtime="20240315 23:03:02.438"/>
</kw>
<kw name="Log" library="BuiltIn">
<arg>${char}</arg>
<doc>Logs the given message with the given level.</doc>
<msg timestamp="20240315 23:03:02.438" level="INFO">m</msg>
<status status="PASS" starttime="20240315 23:03:02.438" endtime="20240315 23:03:02.438"/>
</kw>
<status status="PASS" starttime="20240315 23:03:02.438" endtime="20240315 23:03:02.438"/>
</iter>
<iter>
<var name="${index}">31</var>
<kw name="Set Variable" library="BuiltIn">
<var>${char}</var>
<arg>${STRING[${index}]}</arg>
<doc>Returns the given values which can then be assigned to a variables.</doc>
<msg timestamp="20240315 23:03:02.439" level="INFO">${char} = u</msg>
<status status="PASS" starttime="20240315 23:03:02.438" endtime="20240315 23:03:02.439"/>
</kw>
<kw name="Log" library="BuiltIn">
<arg>${char}</arg>
<doc>Logs the given message with the given level.</doc>
<msg timestamp="20240315 23:03:02.439" level="INFO">u</msg>
<status status="PASS" starttime="20240315 23:03:02.439" endtime="20240315 23:03:02.439"/>
</kw>
<status status="PASS" starttime="20240315 23:03:02.438" endtime="20240315 23:03:02.439"/>
</iter>
<iter>
<var name="${index}">32</var>
<kw name="Set Variable" library="BuiltIn">
<var>${char}</var>
<arg>${STRING[${index}]}</arg>
<doc>Returns the given values which can then be assigned to a variables.</doc>
<msg timestamp="20240315 23:03:02.439" level="INFO">${char} = l</msg>
<status status="PASS" starttime="20240315 23:03:02.439" endtime="20240315 23:03:02.439"/>
</kw>
<kw name="Log" library="BuiltIn">
<arg>${char}</arg>
<doc>Logs the given message with the given level.</doc>
<msg timestamp="20240315 23:03:02.440" level="INFO">l</msg>
<status status="PASS" starttime="20240315 23:03:02.439" endtime="20240315 23:03:02.440"/>
</kw>
<status status="PASS" starttime="20240315 23:03:02.439" endtime="20240315 23:03:02.440"/>
</iter>
<iter>
<var name="${index}">33</var>
<kw name="Set Variable" library="BuiltIn">
<var>${char}</var>
<arg>${STRING[${index}]}</arg>
<doc>Returns the given values which can then be assigned to a variables.</doc>
<msg timestamp="20240315 23:03:02.440" level="INFO">${char} = t</msg>
<status status="PASS" starttime="20240315 23:03:02.440" endtime="20240315 23:03:02.440"/>
</kw>
<kw name="Log" library="BuiltIn">
<arg>${char}</arg>
<doc>Logs the given message with the given level.</doc>
<msg timestamp="20240315 23:03:02.440" level="INFO">t</msg>
<status status="PASS" starttime="20240315 23:03:02.440" endtime="20240315 23:03:02.440"/>
</kw>
<status status="PASS" starttime="20240315 23:03:02.440" endtime="20240315 23:03:02.440"/>
</iter>
<iter>
<var name="${index}">34</var>
<kw name="Set Variable" library="BuiltIn">
<var>${char}</var>
<arg>${STRING[${index}]}</arg>
<doc>Returns the given values which can then be assigned to a variables.</doc>
<msg timestamp="20240315 23:03:02.441" level="INFO">${char} = i</msg>
<status status="PASS" starttime="20240315 23:03:02.440" endtime="20240315 23:03:02.441"/>
</kw>
<kw name="Log" library="BuiltIn">
<arg>${char}</arg>
<doc>Logs the given message with the given level.</doc>
<msg timestamp="20240315 23:03:02.441" level="INFO">i</msg>
<status status="PASS" starttime="20240315 23:03:02.441" endtime="20240315 23:03:02.441"/>
</kw>
<status status="PASS" starttime="20240315 23:03:02.440" endtime="20240315 23:03:02.441"/>
</iter>
<iter>
<var name="${index}">35</var>
<kw name="Set Variable" library="BuiltIn">
<var>${char}</var>
<arg>${STRING[${index}]}</arg>
<doc>Returns the given values which can then be assigned to a variables.</doc>
<msg timestamp="20240315 23:03:02.441" level="INFO">${char} = p</msg>
<status status="PASS" starttime="20240315 23:03:02.441" endtime="20240315 23:03:02.441"/>
</kw>
<kw name="Log" library="BuiltIn">
<arg>${char}</arg>
<doc>Logs the given message with the given level.</doc>
<msg timestamp="20240315 23:03:02.441" level="INFO">p</msg>
<status status="PASS" starttime="20240315 23:03:02.441" endtime="20240315 23:03:02.441"/>
</kw>
<status status="PASS" starttime="20240315 23:03:02.441" endtime="20240315 23:03:02.442"/>
</iter>
<iter>
<var name="${index}">36</var>
<kw name="Set Variable" library="BuiltIn">
<var>${char}</var>
<arg>${STRING[${index}]}</arg>
<doc>Returns the given values which can then be assigned to a variables.</doc>
<msg timestamp="20240315 23:03:02.442" level="INFO">${char} = l</msg>
<status status="PASS" starttime="20240315 23:03:02.442" endtime="20240315 23:03:02.442"/>
</kw>
<kw name="Log" library="BuiltIn">
<arg>${char}</arg>
<doc>Logs the given message with the given level.</doc>
<msg timestamp="20240315 23:03:02.442" level="INFO">l</msg>
<status status="PASS" starttime="20240315 23:03:02.442" endtime="20240315 23:03:02.442"/>
</kw>
<status status="PASS" starttime="20240315 23:03:02.442" endtime="20240315 23:03:02.442"/>
</iter>
<iter>
<var name="${index}">37</var>
<kw name="Set Variable" library="BuiltIn">
<var>${char}</var>
<arg>${STRING[${index}]}</arg>
<doc>Returns the given values which can then be assigned to a variables.</doc>
<msg timestamp="20240315 23:03:02.443" level="INFO">${char} = e</msg>
<status status="PASS" starttime="20240315 23:03:02.442" endtime="20240315 23:03:02.443"/>
</kw>
<kw name="Log" library="BuiltIn">
<arg>${char}</arg>
<doc>Logs the given message with the given level.</doc>
<msg timestamp="20240315 23:03:02.443" level="INFO">e</msg>
<status status="PASS" starttime="20240315 23:03:02.443" endtime="20240315 23:03:02.443"/>
</kw>
<status status="PASS" starttime="20240315 23:03:02.442" endtime="20240315 23:03:02.443"/>
</iter>
<iter>
<var name="${index}">38</var>
<kw name="Set Variable" library="BuiltIn">
<var>${char}</var>
<arg>${STRING[${index}]}</arg>
<doc>Returns the given values which can then be assigned to a variables.</doc>
<msg timestamp="20240315 23:03:02.443" level="INFO">${char} =  </msg>
<status status="PASS" starttime="20240315 23:03:02.443" endtime="20240315 23:03:02.443"/>
</kw>
<kw name="Log" library="BuiltIn">
<arg>${char}</arg>
<doc>Logs the given message with the given level.</doc>
<msg timestamp="20240315 23:03:02.443" level="INFO"> </msg>
<status status="PASS" starttime="20240315 23:03:02.443" endtime="20240315 23:03:02.443"/>
</kw>
<status status="PASS" starttime="20240315 23:03:02.443" endtime="20240315 23:03:02.443"/>
</iter>
<iter>
<var name="${index}">39</var>
<kw name="Set Variable" library="BuiltIn">
<var>${char}</var>
<arg>${STRING[${index}]}</arg>
<doc>Returns the given values which can then be assigned to a variables.</doc>
<msg timestamp="20240315 23:03:02.444" level="INFO">${char} = s</msg>
<status status="PASS" starttime="20240315 23:03:02.444" endtime="20240315 23:03:02.444"/>
</kw>
<kw name="Log" library="BuiltIn">
<arg>${char}</arg>
<doc>Logs the given message with the given level.</doc>
<msg timestamp="20240315 23:03:02.444" level="INFO">s</msg>
<status status="PASS" starttime="20240315 23:03:02.444" endtime="20240315 23:03:02.444"/>
</kw>
<status status="PASS" starttime="20240315 23:03:02.444" endtime="20240315 23:03:02.444"/>
</iter>
<iter>
<var name="${index}">40</var>
<kw name="Set Variable" library="BuiltIn">
<var>${char}</var>
<arg>${STRING[${index}]}</arg>
<doc>Returns the given values which can then be assigned to a variables.</doc>
<msg timestamp="20240315 23:03:02.444" level="INFO">${char} = e</msg>
<status status="PASS" starttime="20240315 23:03:02.444" endtime="20240315 23:03:02.444"/>
</kw>
<kw name="Log" library="BuiltIn">
<arg>${char}</arg>
<doc>Logs the given message with the given level.</doc>
<msg timestamp="20240315 23:03:02.445" level="INFO">e</msg>
<status status="PASS" starttime="20240315 23:03:02.445" endtime="20240315 23:03:02.445"/>
</kw>
<status status="PASS" starttime="20240315 23:03:02.444" endtime="20240315 23:03:02.445"/>
</iter>
<iter>
<var name="${index}">41</var>
<kw name="Set Variable" library="BuiltIn">
<var>${char}</var>
<arg>${STRING[${index}]}</arg>
<doc>Returns the given values which can then be assigned to a variables.</doc>
<msg timestamp="20240315 23:03:02.446" level="INFO">${char} = n</msg>
<status status="PASS" starttime="20240315 23:03:02.445" endtime="20240315 23:03:02.446"/>
</kw>
<kw name="Log" library="BuiltIn">
<arg>${char}</arg>
<doc>Logs the given message with the given level.</doc>
<msg timestamp="20240315 23:03:02.446" level="INFO">n</msg>
<status status="PASS" starttime="20240315 23:03:02.446" endtime="20240315 23:03:02.446"/>
</kw>
<status status="PASS" starttime="20240315 23:03:02.445" endtime="20240315 23:03:02.446"/>
</iter>
<iter>
<var name="${index}">42</var>
<kw name="Set Variable" library="BuiltIn">
<var>${char}</var>
<arg>${STRING[${index}]}</arg>
<doc>Returns the given values which can then be assigned to a variables.</doc>
<msg timestamp="20240315 23:03:02.446" level="INFO">${char} = t</msg>
<status status="PASS" starttime="20240315 23:03:02.446" endtime="20240315 23:03:02.446"/>
</kw>
<kw name="Log" library="BuiltIn">
<arg>${char}</arg>
<doc>Logs the given message with the given level.</doc>
<msg timestamp="20240315 23:03:02.447" level="INFO">t</msg>
<status status="PASS" starttime="20240315 23:03:02.446" endtime="20240315 23:03:02.447"/>
</kw>
<status status="PASS" starttime="20240315 23:03:02.446" endtime="20240315 23:03:02.447"/>
</iter>
<iter>
<var name="${index}">43</var>
<kw name="Set Variable" library="BuiltIn">
<var>${char}</var>
<arg>${STRING[${index}]}</arg>
<doc>Returns the given values which can then be assigned to a variables.</doc>
<msg timestamp="20240315 23:03:02.447" level="INFO">${char} = e</msg>
<status status="PASS" starttime="20240315 23:03:02.447" endtime="20240315 23:03:02.447"/>
</kw>
<kw name="Log" library="BuiltIn">
<arg>${char}</arg>
<doc>Logs the given message with the given level.</doc>
<msg timestamp="20240315 23:03:02.447" level="INFO">e</msg>
<status status="PASS" starttime="20240315 23:03:02.447" endtime="20240315 23:03:02.447"/>
</kw>
<status status="PASS" starttime="20240315 23:03:02.447" endtime="20240315 23:03:02.447"/>
</iter>
<iter>
<var name="${index}">44</var>
<kw name="Set Variable" library="BuiltIn">
<var>${char}</var>
<arg>${STRING[${index}]}</arg>
<doc>Returns the given values which can then be assigned to a variables.</doc>
<msg timestamp="20240315 23:03:02.448" level="INFO">${char} = n</msg>
<status status="PASS" starttime="20240315 23:03:02.447" endtime="20240315 23:03:02.448"/>
</kw>
<kw name="Log" library="BuiltIn">
<arg>${char}</arg>
<doc>Logs the given message with the given level.</doc>
<msg timestamp="20240315 23:03:02.448" level="INFO">n</msg>
<status status="PASS" starttime="20240315 23:03:02.448" endtime="20240315 23:03:02.448"/>
</kw>
<status status="PASS" starttime="20240315 23:03:02.447" endtime="20240315 23:03:02.448"/>
</iter>
<iter>
<var name="${index}">45</var>
<kw name="Set Variable" library="BuiltIn">
<var>${char}</var>
<arg>${STRING[${index}]}</arg>
<doc>Returns the given values which can then be assigned to a variables.</doc>
<msg timestamp="20240315 23:03:02.448" level="INFO">${char} = c</msg>
<status status="PASS" starttime="20240315 23:03:02.448" endtime="20240315 23:03:02.448"/>
</kw>
<kw name="Log" library="BuiltIn">
<arg>${char}</arg>
<doc>Logs the given message with the given level.</doc>
<msg timestamp="20240315 23:03:02.448" level="INFO">c</msg>
<status status="PASS" starttime="20240315 23:03:02.448" endtime="20240315 23:03:02.448"/>
</kw>
<status status="PASS" starttime="20240315 23:03:02.448" endtime="20240315 23:03:02.448"/>
</iter>
<iter>
<var name="${index}">46</var>
<kw name="Set Variable" library="BuiltIn">
<var>${char}</var>
<arg>${STRING[${index}]}</arg>
<doc>Returns the given values which can then be assigned to a variables.</doc>
<msg timestamp="20240315 23:03:02.449" level="INFO">${char} = e</msg>
<status status="PASS" starttime="20240315 23:03:02.449" endtime="20240315 23:03:02.449"/>
</kw>
<kw name="Log" library="BuiltIn">
<arg>${char}</arg>
<doc>Logs the given message with the given level.</doc>
<msg timestamp="20240315 23:03:02.449" level="INFO">e</msg>
<status status="PASS" starttime="20240315 23:03:02.449" endtime="20240315 23:03:02.449"/>
</kw>
<status status="PASS" starttime="20240315 23:03:02.448" endtime="20240315 23:03:02.449"/>
</iter>
<iter>
<var name="${index}">47</var>
<kw name="Set Variable" library="BuiltIn">
<var>${char}</var>
<arg>${STRING[${index}]}</arg>
<doc>Returns the given values which can then be assigned to a variables.</doc>
<msg timestamp="20240315 23:03:02.449" level="INFO">${char} = s</msg>
<status status="PASS" starttime="20240315 23:03:02.449" endtime="20240315 23:03:02.449"/>
</kw>
<kw name="Log" library="BuiltIn">
<arg>${char}</arg>
<doc>Logs the given message with the given level.</doc>
<msg timestamp="20240315 23:03:02.450" level="INFO">s</msg>
<status status="PASS" starttime="20240315 23:03:02.449" endtime="20240315 23:03:02.450"/>
</kw>
<status status="PASS" starttime="20240315 23:03:02.449" endtime="20240315 23:03:02.450"/>
</iter>
<iter>
<var name="${index}">48</var>
<kw name="Set Variable" library="BuiltIn">
<var>${char}</var>
<arg>${STRING[${index}]}</arg>
<doc>Returns the given values which can then be assigned to a variables.</doc>
<msg timestamp="20240315 23:03:02.450" level="INFO">${char} = .</msg>
<status status="PASS" starttime="20240315 23:03:02.450" endtime="20240315 23:03:02.450"/>
</kw>
<kw name="Log" library="BuiltIn">
<arg>${char}</arg>
<doc>Logs the given message with the given level.</doc>
<msg timestamp="20240315 23:03:02.450" level="INFO">.</msg>
<status status="PASS" starttime="20240315 23:03:02.450" endtime="20240315 23:03:02.450"/>
</kw>
<status status="PASS" starttime="20240315 23:03:02.450" endtime="20240315 23:03:02.450"/>
</iter>
<iter>
<var name="${index}">49</var>
<kw name="Set Variable" library="BuiltIn">
<var>${char}</var>
<arg>${STRING[${index}]}</arg>
<doc>Returns the given values which can then be assigned to a variables.</doc>
<msg timestamp="20240315 23:03:02.451" level="INFO">${char} =  </msg>
<status status="PASS" starttime="20240315 23:03:02.450" endtime="20240315 23:03:02.451"/>
</kw>
<kw name="Log" library="BuiltIn">
<arg>${char}</arg>
<doc>Logs the given message with the given level.</doc>
<msg timestamp="20240315 23:03:02.451" level="INFO"> </msg>
<status status="PASS" starttime="20240315 23:03:02.451" endtime="20240315 23:03:02.451"/>
</kw>
<status status="PASS" starttime="20240315 23:03:02.450" endtime="20240315 23:03:02.451"/>
</iter>
<iter>
<var name="${index}">50</var>
<kw name="Set Variable" library="BuiltIn">
<var>${char}</var>
<arg>${STRING[${index}]}</arg>
<doc>Returns the given values which can then be assigned to a variables.</doc>
<msg timestamp="20240315 23:03:02.451" level="INFO">${char} = I</msg>
<status status="PASS" starttime="20240315 23:03:02.451" endtime="20240315 23:03:02.451"/>
</kw>
<kw name="Log" library="BuiltIn">
<arg>${char}</arg>
<doc>Logs the given message with the given level.</doc>
<msg timestamp="20240315 23:03:02.451" level="INFO">I</msg>
<status status="PASS" starttime="20240315 23:03:02.451" endtime="20240315 23:03:02.451"/>
</kw>
<status status="PASS" starttime="20240315 23:03:02.451" endtime="20240315 23:03:02.451"/>
</iter>
<iter>
<var name="${index}">51</var>
<kw name="Set Variable" library="BuiltIn">
<var>${char}</var>
<arg>${STRING[${index}]}</arg>
<doc>Returns the given values which can then be assigned to a variables.</doc>
<msg timestamp="20240315 23:03:02.452" level="INFO">${char} = t</msg>
<status status="PASS" starttime="20240315 23:03:02.451" endtime="20240315 23:03:02.452"/>
</kw>
<kw name="Log" library="BuiltIn">
<arg>${char}</arg>
<doc>Logs the given message with the given level.</doc>
<msg timestamp="20240315 23:03:02.452" level="INFO">t</msg>
<status status="PASS" starttime="20240315 23:03:02.452" endtime="20240315 23:03:02.452"/>
</kw>
<status status="PASS" starttime="20240315 23:03:02.451" endtime="20240315 23:03:02.452"/>
</iter>
<iter>
<var name="${index}">52</var>
<kw name="Set Variable" library="BuiltIn">
<var>${char}</var>
<arg>${STRING[${index}]}</arg>
<doc>Returns the given values which can then be assigned to a variables.</doc>
<msg timestamp="20240315 23:03:02.452" level="INFO">${char} =  </msg>
<status status="PASS" starttime="20240315 23:03:02.452" endtime="20240315 23:03:02.452"/>
</kw>
<kw name="Log" library="BuiltIn">
<arg>${char}</arg>
<doc>Logs the given message with the given level.</doc>
<msg timestamp="20240315 23:03:02.452" level="INFO"> </msg>
<status status="PASS" starttime="20240315 23:03:02.452" endtime="20240315 23:03:02.452"/>
</kw>
<status status="PASS" starttime="20240315 23:03:02.452" endtime="20240315 23:03:02.453"/>
</iter>
<iter>
<var name="${index}">53</var>
<kw name="Set Variable" library="BuiltIn">
<var>${char}</var>
<arg>${STRING[${index}]}</arg>
<doc>Returns the given values which can then be assigned to a variables.</doc>
<msg timestamp="20240315 23:03:02.453" level="INFO">${char} = d</msg>
<status status="PASS" starttime="20240315 23:03:02.453" endtime="20240315 23:03:02.453"/>
</kw>
<kw name="Log" library="BuiltIn">
<arg>${char}</arg>
<doc>Logs the given message with the given level.</doc>
<msg timestamp="20240315 23:03:02.453" level="INFO">d</msg>
<status status="PASS" starttime="20240315 23:03:02.453" endtime="20240315 23:03:02.453"/>
</kw>
<status status="PASS" starttime="20240315 23:03:02.453" endtime="20240315 23:03:02.453"/>
</iter>
<iter>
<var name="${index}">54</var>
<kw name="Set Variable" library="BuiltIn">
<var>${char}</var>
<arg>${STRING[${index}]}</arg>
<doc>Returns the given values which can then be assigned to a variables.</doc>
<msg timestamp="20240315 23:03:02.454" level="INFO">${char} = o</msg>
<status status="PASS" starttime="20240315 23:03:02.453" endtime="20240315 23:03:02.454"/>
</kw>
<kw name="Log" library="BuiltIn">
<arg>${char}</arg>
<doc>Logs the given message with the given level.</doc>
<msg timestamp="20240315 23:03:02.454" level="INFO">o</msg>
<status status="PASS" starttime="20240315 23:03:02.454" endtime="20240315 23:03:02.454"/>
</kw>
<status status="PASS" starttime="20240315 23:03:02.453" endtime="20240315 23:03:02.454"/>
</iter>
<iter>
<var name="${index}">55</var>
<kw name="Set Variable" library="BuiltIn">
<var>${char}</var>
<arg>${STRING[${index}]}</arg>
<doc>Returns the given values which can then be assigned to a variables.</doc>
<msg timestamp="20240315 23:03:02.454" level="INFO">${char} = e</msg>
<status status="PASS" starttime="20240315 23:03:02.454" endtime="20240315 23:03:02.454"/>
</kw>
<kw name="Log" library="BuiltIn">
<arg>${char}</arg>
<doc>Logs the given message with the given level.</doc>
<msg timestamp="20240315 23:03:02.454" level="INFO">e</msg>
<status status="PASS" starttime="20240315 23:03:02.454" endtime="20240315 23:03:02.454"/>
</kw>
<status status="PASS" starttime="20240315 23:03:02.454" endtime="20240315 23:03:02.454"/>
</iter>
<iter>
<var name="${index}">56</var>
<kw name="Set Variable" library="BuiltIn">
<var>${char}</var>
<arg>${STRING[${index}]}</arg>
<doc>Returns the given values which can then be assigned to a variables.</doc>
<msg timestamp="20240315 23:03:02.455" level="INFO">${char} = s</msg>
<status status="PASS" starttime="20240315 23:03:02.454" endtime="20240315 23:03:02.455"/>
</kw>
<kw name="Log" library="BuiltIn">
<arg>${char}</arg>
<doc>Logs the given message with the given level.</doc>
<msg timestamp="20240315 23:03:02.455" level="INFO">s</msg>
<status status="PASS" starttime="20240315 23:03:02.455" endtime="20240315 23:03:02.455"/>
</kw>
<status status="PASS" starttime="20240315 23:03:02.454" endtime="20240315 23:03:02.455"/>
</iter>
<iter>
<var name="${index}">57</var>
<kw name="Set Variable" library="BuiltIn">
<var>${char}</var>
<arg>${STRING[${index}]}</arg>
<doc>Returns the given values which can then be assigned to a variables.</doc>
<msg timestamp="20240315 23:03:02.455" level="INFO">${char} =  </msg>
<status status="PASS" starttime="20240315 23:03:02.455" endtime="20240315 23:03:02.455"/>
</kw>
<kw name="Log" library="BuiltIn">
<arg>${char}</arg>
<doc>Logs the given message with the given level.</doc>
<msg timestamp="20240315 23:03:02.455" level="INFO"> </msg>
<status status="PASS" starttime="20240315 23:03:02.455" endtime="20240315 23:03:02.455"/>
</kw>
<status status="PASS" starttime="20240315 23:03:02.455" endtime="20240315 23:03:02.456"/>
</iter>
<iter>
<var name="${index}">58</var>
<kw name="Set Variable" library="BuiltIn">
<var>${char}</var>
<arg>${STRING[${index}]}</arg>
<doc>Returns the given values which can then be assigned to a variables.</doc>
<msg timestamp="20240315 23:03:02.456" level="INFO">${char} = n</msg>
<status status="PASS" starttime="20240315 23:03:02.456" endtime="20240315 23:03:02.456"/>
</kw>
<kw name="Log" library="BuiltIn">
<arg>${char}</arg>
<doc>Logs the given message with the given level.</doc>
<msg timestamp="20240315 23:03:02.456" level="INFO">n</msg>
<status status="PASS" starttime="20240315 23:03:02.456" endtime="20240315 23:03:02.456"/>
</kw>
<status status="PASS" starttime="20240315 23:03:02.456" endtime="20240315 23:03:02.456"/>
</iter>
<iter>
<var name="${index}">59</var>
<kw name="Set Variable" library="BuiltIn">
<var>${char}</var>
<arg>${STRING[${index}]}</arg>
<doc>Returns the given values which can then be assigned to a variables.</doc>
<msg timestamp="20240315 23:03:02.456" level="INFO">${char} = o</msg>
<status status="PASS" starttime="20240315 23:03:02.456" endtime="20240315 23:03:02.456"/>
</kw>
<kw name="Log" library="BuiltIn">
<arg>${char}</arg>
<doc>Logs the given message with the given level.</doc>
<msg timestamp="20240315 23:03:02.457" level="INFO">o</msg>
<status status="PASS" starttime="20240315 23:03:02.456" endtime="20240315 23:03:02.457"/>
</kw>
<status status="PASS" starttime="20240315 23:03:02.456" endtime="20240315 23:03:02.457"/>
</iter>
<iter>
<var name="${index}">60</var>
<kw name="Set Variable" library="BuiltIn">
<var>${char}</var>
<arg>${STRING[${index}]}</arg>
<doc>Returns the given values which can then be assigned to a variables.</doc>
<msg timestamp="20240315 23:03:02.457" level="INFO">${char} = t</msg>
<status status="PASS" starttime="20240315 23:03:02.457" endtime="20240315 23:03:02.457"/>
</kw>
<kw name="Log" library="BuiltIn">
<arg>${char}</arg>
<doc>Logs the given message with the given level.</doc>
<msg timestamp="20240315 23:03:02.457" level="INFO">t</msg>
<status status="PASS" starttime="20240315 23:03:02.457" endtime="20240315 23:03:02.457"/>
</kw>
<status status="PASS" starttime="20240315 23:03:02.457" endtime="20240315 23:03:02.457"/>
</iter>
<iter>
<var name="${index}">61</var>
<kw name="Set Variable" library="BuiltIn">
<var>${char}</var>
<arg>${STRING[${index}]}</arg>
<doc>Returns the given values which can then be assigned to a variables.</doc>
<msg timestamp="20240315 23:03:02.458" level="INFO">${char} =  </msg>
<status status="PASS" starttime="20240315 23:03:02.457" endtime="20240315 23:03:02.458"/>
</kw>
<kw name="Log" library="BuiltIn">
<arg>${char}</arg>
<doc>Logs the given message with the given level.</doc>
<msg timestamp="20240315 23:03:02.458" level="INFO"> </msg>
<status status="PASS" starttime="20240315 23:03:02.458" endtime="20240315 23:03:02.458"/>
</kw>
<status status="PASS" starttime="20240315 23:03:02.457" endtime="20240315 23:03:02.458"/>
</iter>
<iter>
<var name="${index}">62</var>
<kw name="Set Variable" library="BuiltIn">
<var>${char}</var>
<arg>${STRING[${index}]}</arg>
<doc>Returns the given values which can then be assigned to a variables.</doc>
<msg timestamp="20240315 23:03:02.458" level="INFO">${char} = h</msg>
<status status="PASS" starttime="20240315 23:03:02.458" endtime="20240315 23:03:02.458"/>
</kw>
<kw name="Log" library="BuiltIn">
<arg>${char}</arg>
<doc>Logs the given message with the given level.</doc>
<msg timestamp="20240315 23:03:02.459" level="INFO">h</msg>
<status status="PASS" starttime="20240315 23:03:02.459" endtime="20240315 23:03:02.459"/>
</kw>
<status status="PASS" starttime="20240315 23:03:02.458" endtime="20240315 23:03:02.459"/>
</iter>
<iter>
<var name="${index}">63</var>
<kw name="Set Variable" library="BuiltIn">
<var>${char}</var>
<arg>${STRING[${index}]}</arg>
<doc>Returns the given values which can then be assigned to a variables.</doc>
<msg timestamp="20240315 23:03:02.459" level="INFO">${char} = a</msg>
<status status="PASS" starttime="20240315 23:03:02.459" endtime="20240315 23:03:02.460"/>
</kw>
<kw name="Log" library="BuiltIn">
<arg>${char}</arg>
<doc>Logs the given message with the given level.</doc>
<msg timestamp="20240315 23:03:02.460" level="INFO">a</msg>
<status status="PASS" starttime="20240315 23:03:02.460" endtime="20240315 23:03:02.460"/>
</kw>
<status status="PASS" starttime="20240315 23:03:02.459" endtime="20240315 23:03:02.460"/>
</iter>
<iter>
<var name="${index}">64</var>
<kw name="Set Variable" library="BuiltIn">
<var>${char}</var>
<arg>${STRING[${index}]}</arg>
<doc>Returns the given values which can then be assigned to a variables.</doc>
<msg timestamp="20240315 23:03:02.460" level="INFO">${char} = v</msg>
<status status="PASS" starttime="20240315 23:03:02.460" endtime="20240315 23:03:02.460"/>
</kw>
<kw name="Log" library="BuiltIn">
<arg>${char}</arg>
<doc>Logs the given message with the given level.</doc>
<msg timestamp="20240315 23:03:02.460" level="INFO">v</msg>
<status status="PASS" starttime="20240315 23:03:02.460" endtime="20240315 23:03:02.460"/>
</kw>
<status status="PASS" starttime="20240315 23:03:02.460" endtime="20240315 23:03:02.460"/>
</iter>
<iter>
<var name="${index}">65</var>
<kw name="Set Variable" library="BuiltIn">
<var>${char}</var>
<arg>${STRING[${index}]}</arg>
<doc>Returns the given values which can then be assigned to a variables.</doc>
<msg timestamp="20240315 23:03:02.461" level="INFO">${char} = e</msg>
<status status="PASS" starttime="20240315 23:03:02.460" endtime="20240315 23:03:02.461"/>
</kw>
<kw name="Log" library="BuiltIn">
<arg>${char}</arg>
<doc>Logs the given message with the given level.</doc>
<msg timestamp="20240315 23:03:02.461" level="INFO">e</msg>
<status status="PASS" starttime="20240315 23:03:02.461" endtime="20240315 23:03:02.461"/>
</kw>
<status status="PASS" starttime="20240315 23:03:02.460" endtime="20240315 23:03:02.461"/>
</iter>
<iter>
<var name="${index}">66</var>
<kw name="Set Variable" library="BuiltIn">
<var>${char}</var>
<arg>${STRING[${index}]}</arg>
<doc>Returns the given values which can then be assigned to a variables.</doc>
<msg timestamp="20240315 23:03:02.461" level="INFO">${char} =  </msg>
<status status="PASS" starttime="20240315 23:03:02.461" endtime="20240315 23:03:02.461"/>
</kw>
<kw name="Log" library="BuiltIn">
<arg>${char}</arg>
<doc>Logs the given message with the given level.</doc>
<msg timestamp="20240315 23:03:02.461" level="INFO"> </msg>
<status status="PASS" starttime="20240315 23:03:02.461" endtime="20240315 23:03:02.462"/>
</kw>
<status status="PASS" starttime="20240315 23:03:02.461" endtime="20240315 23:03:02.462"/>
</iter>
<iter>
<var name="${index}">67</var>
<kw name="Set Variable" library="BuiltIn">
<var>${char}</var>
<arg>${STRING[${index}]}</arg>
<doc>Returns the given values which can then be assigned to a variables.</doc>
<msg timestamp="20240315 23:03:02.462" level="INFO">${char} = n</msg>
<status status="PASS" starttime="20240315 23:03:02.462" endtime="20240315 23:03:02.462"/>
</kw>
<kw name="Log" library="BuiltIn">
<arg>${char}</arg>
<doc>Logs the given message with the given level.</doc>
<msg timestamp="20240315 23:03:02.462" level="INFO">n</msg>
<status status="PASS" starttime="20240315 23:03:02.462" endtime="20240315 23:03:02.462"/>
</kw>
<status status="PASS" starttime="20240315 23:03:02.462" endtime="20240315 23:03:02.462"/>
</iter>
<iter>
<var name="${index}">68</var>
<kw name="Set Variable" library="BuiltIn">
<var>${char}</var>
<arg>${STRING[${index}]}</arg>
<doc>Returns the given values which can then be assigned to a variables.</doc>
<msg timestamp="20240315 23:03:02.462" level="INFO">${char} = e</msg>
<status status="PASS" starttime="20240315 23:03:02.462" endtime="20240315 23:03:02.462"/>
</kw>
<kw name="Log" library="BuiltIn">
<arg>${char}</arg>
<doc>Logs the given message with the given level.</doc>
<msg timestamp="20240315 23:03:02.463" level="INFO">e</msg>
<status status="PASS" starttime="20240315 23:03:02.463" endtime="20240315 23:03:02.463"/>
</kw>
<status status="PASS" starttime="20240315 23:03:02.462" endtime="20240315 23:03:02.463"/>
</iter>
<iter>
<var name="${index}">69</var>
<kw name="Set Variable" library="BuiltIn">
<var>${char}</var>
<arg>${STRING[${index}]}</arg>
<doc>Returns the given values which can then be assigned to a variables.</doc>
<msg timestamp="20240315 23:03:02.463" level="INFO">${char} = w</msg>
<status status="PASS" starttime="20240315 23:03:02.463" endtime="20240315 23:03:02.463"/>
</kw>
<kw name="Log" library="BuiltIn">
<arg>${char}</arg>
<doc>Logs the given message with the given level.</doc>
<msg timestamp="20240315 23:03:02.463" level="INFO">w</msg>
<status status="PASS" starttime="20240315 23:03:02.463" endtime="20240315 23:03:02.463"/>
</kw>
<status status="PASS" starttime="20240315 23:03:02.463" endtime="20240315 23:03:02.463"/>
</iter>
<iter>
<var name="${index}">70</var>
<kw name="Set Variable" library="BuiltIn">
<var>${char}</var>
<arg>${STRING[${index}]}</arg>
<doc>Returns the given values which can then be assigned to a variables.</doc>
<msg timestamp="20240315 23:03:02.464" level="INFO">${char} = l</msg>
<status status="PASS" starttime="20240315 23:03:02.463" endtime="20240315 23:03:02.464"/>
</kw>
<kw name="Log" library="BuiltIn">
<arg>${char}</arg>
<doc>Logs the given message with the given level.</doc>
<msg timestamp="20240315 23:03:02.464" level="INFO">l</msg>
<status status="PASS" starttime="20240315 23:03:02.464" endtime="20240315 23:03:02.464"/>
</kw>
<status status="PASS" starttime="20240315 23:03:02.463" endtime="20240315 23:03:02.464"/>
</iter>
<iter>
<var name="${index}">71</var>
<kw name="Set Variable" library="BuiltIn">
<var>${char}</var>
<arg>${STRING[${index}]}</arg>
<doc>Returns the given values which can then be assigned to a variables.</doc>
<msg timestamp="20240315 23:03:02.464" level="INFO">${char} = i</msg>
<status status="PASS" starttime="20240315 23:03:02.464" endtime="20240315 23:03:02.464"/>
</kw>
<kw name="Log" library="BuiltIn">
<arg>${char}</arg>
<doc>Logs the given message with the given level.</doc>
<msg timestamp="20240315 23:03:02.464" level="INFO">i</msg>
<status status="PASS" starttime="20240315 23:03:02.464" endtime="20240315 23:03:02.464"/>
</kw>
<status status="PASS" starttime="20240315 23:03:02.464" endtime="20240315 23:03:02.465"/>
</iter>
<iter>
<var name="${index}">72</var>
<kw name="Set Variable" library="BuiltIn">
<var>${char}</var>
<arg>${STRING[${index}]}</arg>
<doc>Returns the given values which can then be assigned to a variables.</doc>
<msg timestamp="20240315 23:03:02.465" level="INFO">${char} = n</msg>
<status status="PASS" starttime="20240315 23:03:02.465" endtime="20240315 23:03:02.465"/>
</kw>
<kw name="Log" library="BuiltIn">
<arg>${char}</arg>
<doc>Logs the given message with the given level.</doc>
<msg timestamp="20240315 23:03:02.465" level="INFO">n</msg>
<status status="PASS" starttime="20240315 23:03:02.465" endtime="20240315 23:03:02.465"/>
</kw>
<status status="PASS" starttime="20240315 23:03:02.465" endtime="20240315 23:03:02.465"/>
</iter>
<iter>
<var name="${index}">73</var>
<kw name="Set Variable" library="BuiltIn">
<var>${char}</var>
<arg>${STRING[${index}]}</arg>
<doc>Returns the given values which can then be assigned to a variables.</doc>
<msg timestamp="20240315 23:03:02.465" level="INFO">${char} = e</msg>
<status status="PASS" starttime="20240315 23:03:02.465" endtime="20240315 23:03:02.465"/>
</kw>
<kw name="Log" library="BuiltIn">
<arg>${char}</arg>
<doc>Logs the given message with the given level.</doc>
<msg timestamp="20240315 23:03:02.466" level="INFO">e</msg>
<status status="PASS" starttime="20240315 23:03:02.466" endtime="20240315 23:03:02.466"/>
</kw>
<status status="PASS" starttime="20240315 23:03:02.465" endtime="20240315 23:03:02.466"/>
</iter>
<iter>
<var name="${index}">74</var>
<kw name="Set Variable" library="BuiltIn">
<var>${char}</var>
<arg>${STRING[${index}]}</arg>
<doc>Returns the given values which can then be assigned to a variables.</doc>
<msg timestamp="20240315 23:03:02.466" level="INFO">${char} = s</msg>
<status status="PASS" starttime="20240315 23:03:02.466" endtime="20240315 23:03:02.466"/>
</kw>
<kw name="Log" library="BuiltIn">
<arg>${char}</arg>
<doc>Logs the given message with the given level.</doc>
<msg timestamp="20240315 23:03:02.466" level="INFO">s</msg>
<status status="PASS" starttime="20240315 23:03:02.466" endtime="20240315 23:03:02.466"/>
</kw>
<status status="PASS" starttime="20240315 23:03:02.466" endtime="20240315 23:03:02.466"/>
</iter>
<iter>
<var name="${index}">75</var>
<kw name="Set Variable" library="BuiltIn">
<var>${char}</var>
<arg>${STRING[${index}]}</arg>
<doc>Returns the given values which can then be assigned to a variables.</doc>
<msg timestamp="20240315 23:03:02.467" level="INFO">${char} = .</msg>
<status status="PASS" starttime="20240315 23:03:02.466" endtime="20240315 23:03:02.467"/>
</kw>
<kw name="Log" library="BuiltIn">
<arg>${char}</arg>
<doc>Logs the given message with the given level.</doc>
<msg timestamp="20240315 23:03:02.467" level="INFO">.</msg>
<status status="PASS" starttime="20240315 23:03:02.467" endtime="20240315 23:03:02.467"/>
</kw>
<status status="PASS" starttime="20240315 23:03:02.466" endtime="20240315 23:03:02.467"/>
</iter>
<status status="PASS" starttime="20240315 23:03:02.417" endtime="20240315 23:03:02.467"/>
</for>
<for flavor="IN RANGE">
<var>${index}</var>
<value>0</value>
<value>61</value>
<iter>
<var name="${index}">0</var>
<kw name="Log" library="BuiltIn">
<arg>${index}</arg>
<doc>Logs the given message with the given level.</doc>
<msg timestamp="20240315 23:03:02.467" level="INFO">0</msg>
<status status="PASS" starttime="20240315 23:03:02.467" endtime="20240315 23:03:02.467"/>
</kw>
<status status="PASS" starttime="20240315 23:03:02.467" endtime="20240315 23:03:02.467"/>
</iter>
<iter>
<var name="${index}">1</var>
<kw name="Log" library="BuiltIn">
<arg>${index}</arg>
<doc>Logs the given message with the given level.</doc>
<msg timestamp="20240315 23:03:02.467" level="INFO">1</msg>
<status status="PASS" starttime="20240315 23:03:02.467" endtime="20240315 23:03:02.468"/>
</kw>
<status status="PASS" starttime="20240315 23:03:02.467" endtime="20240315 23:03:02.468"/>
</iter>
<iter>
<var name="${index}">2</var>
<kw name="Log" library="BuiltIn">
<arg>${index}</arg>
<doc>Logs the given message with the given level.</doc>
<msg timestamp="20240315 23:03:02.468" level="INFO">2</msg>
<status status="PASS" starttime="20240315 23:03:02.468" endtime="20240315 23:03:02.468"/>
</kw>
<status status="PASS" starttime="20240315 23:03:02.468" endtime="20240315 23:03:02.468"/>
</iter>
<iter>
<var name="${index}">3</var>
<kw name="Log" library="BuiltIn">
<arg>${index}</arg>
<doc>Logs the given message with the given level.</doc>
<msg timestamp="20240315 23:03:02.468" level="INFO">3</msg>
<status status="PASS" starttime="20240315 23:03:02.468" endtime="20240315 23:03:02.468"/>
</kw>
<status status="PASS" starttime="20240315 23:03:02.468" endtime="20240315 23:03:02.468"/>
</iter>
<iter>
<var name="${index}">4</var>
<kw name="Log" library="BuiltIn">
<arg>${index}</arg>
<doc>Logs the given message with the given level.</doc>
<msg timestamp="20240315 23:03:02.468" level="INFO">4</msg>
<status status="PASS" starttime="20240315 23:03:02.468" endtime="20240315 23:03:02.468"/>
</kw>
<status status="PASS" starttime="20240315 23:03:02.468" endtime="20240315 23:03:02.468"/>
</iter>
<iter>
<var name="${index}">5</var>
<kw name="Log" library="BuiltIn">
<arg>${index}</arg>
<doc>Logs the given message with the given level.</doc>
<msg timestamp="20240315 23:03:02.469" level="INFO">5</msg>
<status status="PASS" starttime="20240315 23:03:02.468" endtime="20240315 23:03:02.469"/>
</kw>
<status status="PASS" starttime="20240315 23:03:02.468" endtime="20240315 23:03:02.469"/>
</iter>
<iter>
<var name="${index}">6</var>
<kw name="Log" library="BuiltIn">
<arg>${index}</arg>
<doc>Logs the given message with the given level.</doc>
<msg timestamp="20240315 23:03:02.469" level="INFO">6</msg>
<status status="PASS" starttime="20240315 23:03:02.469" endtime="20240315 23:03:02.469"/>
</kw>
<status status="PASS" starttime="20240315 23:03:02.469" endtime="20240315 23:03:02.469"/>
</iter>
<iter>
<var name="${index}">7</var>
<kw name="Log" library="BuiltIn">
<arg>${index}</arg>
<doc>Logs the given message with the given level.</doc>
<msg timestamp="20240315 23:03:02.469" level="INFO">7</msg>
<status status="PASS" starttime="20240315 23:03:02.469" endtime="20240315 23:03:02.469"/>
</kw>
<status status="PASS" starttime="20240315 23:03:02.469" endtime="20240315 23:03:02.469"/>
</iter>
<iter>
<var name="${index}">8</var>
<kw name="Log" library="BuiltIn">
<arg>${index}</arg>
<doc>Logs the given message with the given level.</doc>
<msg timestamp="20240315 23:03:02.469" level="INFO">8</msg>
<status status="PASS" starttime="20240315 23:03:02.469" endtime="20240315 23:03:02.469"/>
</kw>
<status status="PASS" starttime="20240315 23:03:02.469" endtime="20240315 23:03:02.469"/>
</iter>
<iter>
<var name="${index}">9</var>
<kw name="Log" library="BuiltIn">
<arg>${index}</arg>
<doc>Logs the given message with the given level.</doc>
<msg timestamp="20240315 23:03:02.470" level="INFO">9</msg>
<status status="PASS" starttime="20240315 23:03:02.470" endtime="20240315 23:03:02.470"/>
</kw>
<status status="PASS" starttime="20240315 23:03:02.469" endtime="20240315 23:03:02.470"/>
</iter>
<iter>
<var name="${index}">10</var>
<kw name="Log" library="BuiltIn">
<arg>${index}</arg>
<doc>Logs the given message with the given level.</doc>
<msg timestamp="20240315 23:03:02.470" level="INFO">10</msg>
<status status="PASS" starttime="20240315 23:03:02.470" endtime="20240315 23:03:02.470"/>
</kw>
<status status="PASS" starttime="20240315 23:03:02.470" endtime="20240315 23:03:02.470"/>
</iter>
<iter>
<var name="${index}">11</var>
<kw name="Log" library="BuiltIn">
<arg>${index}</arg>
<doc>Logs the given message with the given level.</doc>
<msg timestamp="20240315 23:03:02.470" level="INFO">11</msg>
<status status="PASS" starttime="20240315 23:03:02.470" endtime="20240315 23:03:02.470"/>
</kw>
<status status="PASS" starttime="20240315 23:03:02.470" endtime="20240315 23:03:02.470"/>
</iter>
<iter>
<var name="${index}">12</var>
<kw name="Log" library="BuiltIn">
<arg>${index}</arg>
<doc>Logs the given message with the given level.</doc>
<msg timestamp="20240315 23:03:02.470" level="INFO">12</msg>
<status status="PASS" starttime="20240315 23:03:02.470" endtime="20240315 23:03:02.470"/>
</kw>
<status status="PASS" starttime="20240315 23:03:02.470" endtime="20240315 23:03:02.470"/>
</iter>
<iter>
<var name="${index}">13</var>
<kw name="Log" library="BuiltIn">
<arg>${index}</arg>
<doc>Logs the given message with the given level.</doc>
<msg timestamp="20240315 23:03:02.471" level="INFO">13</msg>
<status status="PASS" starttime="20240315 23:03:02.471" endtime="20240315 23:03:02.471"/>
</kw>
<status status="PASS" starttime="20240315 23:03:02.470" endtime="20240315 23:03:02.471"/>
</iter>
<iter>
<var name="${index}">14</var>
<kw name="Log" library="BuiltIn">
<arg>${index}</arg>
<doc>Logs the given message with the given level.</doc>
<msg timestamp="20240315 23:03:02.471" level="INFO">14</msg>
<status status="PASS" starttime="20240315 23:03:02.471" endtime="20240315 23:03:02.471"/>
</kw>
<status status="PASS" starttime="20240315 23:03:02.471" endtime="20240315 23:03:02.471"/>
</iter>
<iter>
<var name="${index}">15</var>
<kw name="Log" library="BuiltIn">
<arg>${index}</arg>
<doc>Logs the given message with the given level.</doc>
<msg timestamp="20240315 23:03:02.471" level="INFO">15</msg>
<status status="PASS" starttime="20240315 23:03:02.471" endtime="20240315 23:03:02.471"/>
</kw>
<status status="PASS" starttime="20240315 23:03:02.471" endtime="20240315 23:03:02.471"/>
</iter>
<iter>
<var name="${index}">16</var>
<kw name="Log" library="BuiltIn">
<arg>${index}</arg>
<doc>Logs the given message with the given level.</doc>
<msg timestamp="20240315 23:03:02.471" level="INFO">16</msg>
<status status="PASS" starttime="20240315 23:03:02.471" endtime="20240315 23:03:02.471"/>
</kw>
<status status="PASS" starttime="20240315 23:03:02.471" endtime="20240315 23:03:02.472"/>
</iter>
<iter>
<var name="${index}">17</var>
<kw name="Log" library="BuiltIn">
<arg>${index}</arg>
<doc>Logs the given message with the given level.</doc>
<msg timestamp="20240315 23:03:02.472" level="INFO">17</msg>
<status status="PASS" starttime="20240315 23:03:02.472" endtime="20240315 23:03:02.472"/>
</kw>
<status status="PASS" starttime="20240315 23:03:02.472" endtime="20240315 23:03:02.472"/>
</iter>
<iter>
<var name="${index}">18</var>
<kw name="Log" library="BuiltIn">
<arg>${index}</arg>
<doc>Logs the given message with the given level.</doc>
<msg timestamp="20240315 23:03:02.472" level="INFO">18</msg>
<status status="PASS" starttime="20240315 23:03:02.472" endtime="20240315 23:03:02.472"/>
</kw>
<status status="PASS" starttime="20240315 23:03:02.472" endtime="20240315 23:03:02.472"/>
</iter>
<iter>
<var name="${index}">19</var>
<kw name="Log" library="BuiltIn">
<arg>${index}</arg>
<doc>Logs the given message with the given level.</doc>
<msg timestamp="20240315 23:03:02.472" level="INFO">19</msg>
<status status="PASS" starttime="20240315 23:03:02.472" endtime="20240315 23:03:02.472"/>
</kw>
<status status="PASS" starttime="20240315 23:03:02.472" endtime="20240315 23:03:02.472"/>
</iter>
<iter>
<var name="${index}">20</var>
<kw name="Log" library="BuiltIn">
<arg>${index}</arg>
<doc>Logs the given message with the given level.</doc>
<msg timestamp="20240315 23:03:02.472" level="INFO">20</msg>
<status status="PASS" starttime="20240315 23:03:02.472" endtime="20240315 23:03:02.472"/>
</kw>
<status status="PASS" starttime="20240315 23:03:02.472" endtime="20240315 23:03:02.473"/>
</iter>
<iter>
<var name="${index}">21</var>
<kw name="Log" library="BuiltIn">
<arg>${index}</arg>
<doc>Logs the given message with the given level.</doc>
<msg timestamp="20240315 23:03:02.473" level="INFO">21</msg>
<status status="PASS" starttime="20240315 23:03:02.473" endtime="20240315 23:03:02.473"/>
</kw>
<status status="PASS" starttime="20240315 23:03:02.473" endtime="20240315 23:03:02.473"/>
</iter>
<iter>
<var name="${index}">22</var>
<kw name="Log" library="BuiltIn">
<arg>${index}</arg>
<doc>Logs the given message with the given level.</doc>
<msg timestamp="20240315 23:03:02.473" level="INFO">22</msg>
<status status="PASS" starttime="20240315 23:03:02.473" endtime="20240315 23:03:02.473"/>
</kw>
<status status="PASS" starttime="20240315 23:03:02.473" endtime="20240315 23:03:02.473"/>
</iter>
<iter>
<var name="${index}">23</var>
<kw name="Log" library="BuiltIn">
<arg>${index}</arg>
<doc>Logs the given message with the given level.</doc>
<msg timestamp="20240315 23:03:02.473" level="INFO">23</msg>
<status status="PASS" starttime="20240315 23:03:02.473" endtime="20240315 23:03:02.473"/>
</kw>
<status status="PASS" starttime="20240315 23:03:02.473" endtime="20240315 23:03:02.473"/>
</iter>
<iter>
<var name="${index}">24</var>
<kw name="Log" library="BuiltIn">
<arg>${index}</arg>
<doc>Logs the given message with the given level.</doc>
<msg timestamp="20240315 23:03:02.474" level="INFO">24</msg>
<status status="PASS" starttime="20240315 23:03:02.473" endtime="20240315 23:03:02.474"/>
</kw>
<status status="PASS" starttime="20240315 23:03:02.473" endtime="20240315 23:03:02.474"/>
</iter>
<iter>
<var name="${index}">25</var>
<kw name="Log" library="BuiltIn">
<arg>${index}</arg>
<doc>Logs the given message with the given level.</doc>
<msg timestamp="20240315 23:03:02.474" level="INFO">25</msg>
<status status="PASS" starttime="20240315 23:03:02.474" endtime="20240315 23:03:02.474"/>
</kw>
<status status="PASS" starttime="20240315 23:03:02.474" endtime="20240315 23:03:02.474"/>
</iter>
<iter>
<var name="${index}">26</var>
<kw name="Log" library="BuiltIn">
<arg>${index}</arg>
<doc>Logs the given message with the given level.</doc>
<msg timestamp="20240315 23:03:02.474" level="INFO">26</msg>
<status status="PASS" starttime="20240315 23:03:02.474" endtime="20240315 23:03:02.474"/>
</kw>
<status status="PASS" starttime="20240315 23:03:02.474" endtime="20240315 23:03:02.474"/>
</iter>
<iter>
<var name="${index}">27</var>
<kw name="Log" library="BuiltIn">
<arg>${index}</arg>
<doc>Logs the given message with the given level.</doc>
<msg timestamp="20240315 23:03:02.474" level="INFO">27</msg>
<status status="PASS" starttime="20240315 23:03:02.474" endtime="20240315 23:03:02.474"/>
</kw>
<status status="PASS" starttime="20240315 23:03:02.474" endtime="20240315 23:03:02.474"/>
</iter>
<iter>
<var name="${index}">28</var>
<kw name="Log" library="BuiltIn">
<arg>${index}</arg>
<doc>Logs the given message with the given level.</doc>
<msg timestamp="20240315 23:03:02.475" level="INFO">28</msg>
<status status="PASS" starttime="20240315 23:03:02.475" endtime="20240315 23:03:02.475"/>
</kw>
<status status="PASS" starttime="20240315 23:03:02.474" endtime="20240315 23:03:02.475"/>
</iter>
<iter>
<var name="${index}">29</var>
<kw name="Log" library="BuiltIn">
<arg>${index}</arg>
<doc>Logs the given message with the given level.</doc>
<msg timestamp="20240315 23:03:02.475" level="INFO">29</msg>
<status status="PASS" starttime="20240315 23:03:02.475" endtime="20240315 23:03:02.475"/>
</kw>
<status status="PASS" starttime="20240315 23:03:02.475" endtime="20240315 23:03:02.475"/>
</iter>
<iter>
<var name="${index}">30</var>
<kw name="Log" library="BuiltIn">
<arg>${index}</arg>
<doc>Logs the given message with the given level.</doc>
<msg timestamp="20240315 23:03:02.476" level="INFO">30</msg>
<status status="PASS" starttime="20240315 23:03:02.475" endtime="20240315 23:03:02.476"/>
</kw>
<status status="PASS" starttime="20240315 23:03:02.475" endtime="20240315 23:03:02.476"/>
</iter>
<iter>
<var name="${index}">31</var>
<kw name="Log" library="BuiltIn">
<arg>${index}</arg>
<doc>Logs the given message with the given level.</doc>
<msg timestamp="20240315 23:03:02.476" level="INFO">31</msg>
<status status="PASS" starttime="20240315 23:03:02.476" endtime="20240315 23:03:02.476"/>
</kw>
<status status="PASS" starttime="20240315 23:03:02.476" endtime="20240315 23:03:02.476"/>
</iter>
<iter>
<var name="${index}">32</var>
<kw name="Log" library="BuiltIn">
<arg>${index}</arg>
<doc>Logs the given message with the given level.</doc>
<msg timestamp="20240315 23:03:02.476" level="INFO">32</msg>
<status status="PASS" starttime="20240315 23:03:02.476" endtime="20240315 23:03:02.476"/>
</kw>
<status status="PASS" starttime="20240315 23:03:02.476" endtime="20240315 23:03:02.476"/>
</iter>
<iter>
<var name="${index}">33</var>
<kw name="Log" library="BuiltIn">
<arg>${index}</arg>
<doc>Logs the given message with the given level.</doc>
<msg timestamp="20240315 23:03:02.476" level="INFO">33</msg>
<status status="PASS" starttime="20240315 23:03:02.476" endtime="20240315 23:03:02.476"/>
</kw>
<status status="PASS" starttime="20240315 23:03:02.476" endtime="20240315 23:03:02.476"/>
</iter>
<iter>
<var name="${index}">34</var>
<kw name="Log" library="BuiltIn">
<arg>${index}</arg>
<doc>Logs the given message with the given level.</doc>
<msg timestamp="20240315 23:03:02.477" level="INFO">34</msg>
<status status="PASS" starttime="20240315 23:03:02.477" endtime="20240315 23:03:02.477"/>
</kw>
<status status="PASS" starttime="20240315 23:03:02.477" endtime="20240315 23:03:02.477"/>
</iter>
<iter>
<var name="${index}">35</var>
<kw name="Log" library="BuiltIn">
<arg>${index}</arg>
<doc>Logs the given message with the given level.</doc>
<msg timestamp="20240315 23:03:02.477" level="INFO">35</msg>
<status status="PASS" starttime="20240315 23:03:02.477" endtime="20240315 23:03:02.477"/>
</kw>
<status status="PASS" starttime="20240315 23:03:02.477" endtime="20240315 23:03:02.477"/>
</iter>
<iter>
<var name="${index}">36</var>
<kw name="Log" library="BuiltIn">
<arg>${index}</arg>
<doc>Logs the given message with the given level.</doc>
<msg timestamp="20240315 23:03:02.478" level="INFO">36</msg>
<status status="PASS" starttime="20240315 23:03:02.477" endtime="20240315 23:03:02.478"/>
</kw>
<status status="PASS" starttime="20240315 23:03:02.477" endtime="20240315 23:03:02.478"/>
</iter>
<iter>
<var name="${index}">37</var>
<kw name="Log" library="BuiltIn">
<arg>${index}</arg>
<doc>Logs the given message with the given level.</doc>
<msg timestamp="20240315 23:03:02.479" level="INFO">37</msg>
<status status="PASS" starttime="20240315 23:03:02.479" endtime="20240315 23:03:02.479"/>
</kw>
<status status="PASS" starttime="20240315 23:03:02.478" endtime="20240315 23:03:02.479"/>
</iter>
<iter>
<var name="${index}">38</var>
<kw name="Log" library="BuiltIn">
<arg>${index}</arg>
<doc>Logs the given message with the given level.</doc>
<msg timestamp="20240315 23:03:02.479" level="INFO">38</msg>
<status status="PASS" starttime="20240315 23:03:02.479" endtime="20240315 23:03:02.479"/>
</kw>
<status status="PASS" starttime="20240315 23:03:02.479" endtime="20240315 23:03:02.479"/>
</iter>
<iter>
<var name="${index}">39</var>
<kw name="Log" library="BuiltIn">
<arg>${index}</arg>
<doc>Logs the given message with the given level.</doc>
<msg timestamp="20240315 23:03:02.479" level="INFO">39</msg>
<status status="PASS" starttime="20240315 23:03:02.479" endtime="20240315 23:03:02.479"/>
</kw>
<status status="PASS" starttime="20240315 23:03:02.479" endtime="20240315 23:03:02.479"/>
</iter>
<iter>
<var name="${index}">40</var>
<kw name="Log" library="BuiltIn">
<arg>${index}</arg>
<doc>Logs the given message with the given level.</doc>
<msg timestamp="20240315 23:03:02.480" level="INFO">40</msg>
<status status="PASS" starttime="20240315 23:03:02.480" endtime="20240315 23:03:02.480"/>
</kw>
<status status="PASS" starttime="20240315 23:03:02.480" endtime="20240315 23:03:02.480"/>
</iter>
<iter>
<var name="${index}">41</var>
<kw name="Log" library="BuiltIn">
<arg>${index}</arg>
<doc>Logs the given message with the given level.</doc>
<msg timestamp="20240315 23:03:02.480" level="INFO">41</msg>
<status status="PASS" starttime="20240315 23:03:02.480" endtime="20240315 23:03:02.480"/>
</kw>
<status status="PASS" starttime="20240315 23:03:02.480" endtime="20240315 23:03:02.480"/>
</iter>
<iter>
<var name="${index}">42</var>
<kw name="Log" library="BuiltIn">
<arg>${index}</arg>
<doc>Logs the given message with the given level.</doc>
<msg timestamp="20240315 23:03:02.480" level="INFO">42</msg>
<status status="PASS" starttime="20240315 23:03:02.480" endtime="20240315 23:03:02.480"/>
</kw>
<status status="PASS" starttime="20240315 23:03:02.480" endtime="20240315 23:03:02.480"/>
</iter>
<iter>
<var name="${index}">43</var>
<kw name="Log" library="BuiltIn">
<arg>${index}</arg>
<doc>Logs the given message with the given level.</doc>
<msg timestamp="20240315 23:03:02.481" level="INFO">43</msg>
<status status="PASS" starttime="20240315 23:03:02.480" endtime="20240315 23:03:02.481"/>
</kw>
<status status="PASS" starttime="20240315 23:03:02.480" endtime="20240315 23:03:02.481"/>
</iter>
<iter>
<var name="${index}">44</var>
<kw name="Log" library="BuiltIn">
<arg>${index}</arg>
<doc>Logs the given message with the given level.</doc>
<msg timestamp="20240315 23:03:02.481" level="INFO">44</msg>
<status status="PASS" starttime="20240315 23:03:02.481" endtime="20240315 23:03:02.481"/>
</kw>
<status status="PASS" starttime="20240315 23:03:02.481" endtime="20240315 23:03:02.481"/>
</iter>
<iter>
<var name="${index}">45</var>
<kw name="Log" library="BuiltIn">
<arg>${index}</arg>
<doc>Logs the given message with the given level.</doc>
<msg timestamp="20240315 23:03:02.481" level="INFO">45</msg>
<status status="PASS" starttime="20240315 23:03:02.481" endtime="20240315 23:03:02.481"/>
</kw>
<status status="PASS" starttime="20240315 23:03:02.481" endtime="20240315 23:03:02.481"/>
</iter>
<iter>
<var name="${index}">46</var>
<kw name="Log" library="BuiltIn">
<arg>${index}</arg>
<doc>Logs the given message with the given level.</doc>
<msg timestamp="20240315 23:03:02.481" level="INFO">46</msg>
<status status="PASS" starttime="20240315 23:03:02.481" endtime="20240315 23:03:02.481"/>
</kw>
<status status="PASS" starttime="20240315 23:03:02.481" endtime="20240315 23:03:02.481"/>
</iter>
<iter>
<var name="${index}">47</var>
<kw name="Log" library="BuiltIn">
<arg>${index}</arg>
<doc>Logs the given message with the given level.</doc>
<msg timestamp="20240315 23:03:02.482" level="INFO">47</msg>
<status status="PASS" starttime="20240315 23:03:02.481" endtime="20240315 23:03:02.482"/>
</kw>
<status status="PASS" starttime="20240315 23:03:02.481" endtime="20240315 23:03:02.482"/>
</iter>
<iter>
<var name="${index}">48</var>
<kw name="Log" library="BuiltIn">
<arg>${index}</arg>
<doc>Logs the given message with the given level.</doc>
<msg timestamp="20240315 23:03:02.482" level="INFO">48</msg>
<status status="PASS" starttime="20240315 23:03:02.482" endtime="20240315 23:03:02.482"/>
</kw>
<status status="PASS" starttime="20240315 23:03:02.482" endtime="20240315 23:03:02.482"/>
</iter>
<iter>
<var name="${index}">49</var>
<kw name="Log" library="BuiltIn">
<arg>${index}</arg>
<doc>Logs the given message with the given level.</doc>
<msg timestamp="20240315 23:03:02.482" level="INFO">49</msg>
<status status="PASS" starttime="20240315 23:03:02.482" endtime="20240315 23:03:02.482"/>
</kw>
<status status="PASS" starttime="20240315 23:03:02.482" endtime="20240315 23:03:02.482"/>
</iter>
<iter>
<var name="${index}">50</var>
<kw name="Log" library="BuiltIn">
<arg>${index}</arg>
<doc>Logs the given message with the given level.</doc>
<msg timestamp="20240315 23:03:02.482" level="INFO">50</msg>
<status status="PASS" starttime="20240315 23:03:02.482" endtime="20240315 23:03:02.482"/>
</kw>
<status status="PASS" starttime="20240315 23:03:02.482" endtime="20240315 23:03:02.482"/>
</iter>
<iter>
<var name="${index}">51</var>
<kw name="Log" library="BuiltIn">
<arg>${index}</arg>
<doc>Logs the given message with the given level.</doc>
<msg timestamp="20240315 23:03:02.483" level="INFO">51</msg>
<status status="PASS" starttime="20240315 23:03:02.483" endtime="20240315 23:03:02.483"/>
</kw>
<status status="PASS" starttime="20240315 23:03:02.482" endtime="20240315 23:03:02.483"/>
</iter>
<iter>
<var name="${index}">52</var>
<kw name="Log" library="BuiltIn">
<arg>${index}</arg>
<doc>Logs the given message with the given level.</doc>
<msg timestamp="20240315 23:03:02.483" level="INFO">52</msg>
<status status="PASS" starttime="20240315 23:03:02.483" endtime="20240315 23:03:02.483"/>
</kw>
<status status="PASS" starttime="20240315 23:03:02.483" endtime="20240315 23:03:02.483"/>
</iter>
<iter>
<var name="${index}">53</var>
<kw name="Log" library="BuiltIn">
<arg>${index}</arg>
<doc>Logs the given message with the given level.</doc>
<msg timestamp="20240315 23:03:02.483" level="INFO">53</msg>
<status status="PASS" starttime="20240315 23:03:02.483" endtime="20240315 23:03:02.483"/>
</kw>
<status status="PASS" starttime="20240315 23:03:02.483" endtime="20240315 23:03:02.483"/>
</iter>
<iter>
<var name="${index}">54</var>
<kw name="Log" library="BuiltIn">
<arg>${index}</arg>
<doc>Logs the given message with the given level.</doc>
<msg timestamp="20240315 23:03:02.483" level="INFO">54</msg>
<status status="PASS" starttime="20240315 23:03:02.483" endtime="20240315 23:03:02.483"/>
</kw>
<status status="PASS" starttime="20240315 23:03:02.483" endtime="20240315 23:03:02.483"/>
</iter>
<iter>
<var name="${index}">55</var>
<kw name="Log" library="BuiltIn">
<arg>${index}</arg>
<doc>Logs the given message with the given level.</doc>
<msg timestamp="20240315 23:03:02.484" level="INFO">55</msg>
<status status="PASS" starttime="20240315 23:03:02.484" endtime="20240315 23:03:02.484"/>
</kw>
<status status="PASS" starttime="20240315 23:03:02.484" endtime="20240315 23:03:02.484"/>
</iter>
<iter>
<var name="${index}">56</var>
<kw name="Log" library="BuiltIn">
<arg>${index}</arg>
<doc>Logs the given message with the given level.</doc>
<msg timestamp="20240315 23:03:02.484" level="INFO">56</msg>
<status status="PASS" starttime="20240315 23:03:02.484" endtime="20240315 23:03:02.484"/>
</kw>
<status status="PASS" starttime="20240315 23:03:02.484" endtime="20240315 23:03:02.484"/>
</iter>
<iter>
<var name="${index}">57</var>
<kw name="Log" library="BuiltIn">
<arg>${index}</arg>
<doc>Logs the given message with the given level.</doc>
<msg timestamp="20240315 23:03:02.484" level="INFO">57</msg>
<status status="PASS" starttime="20240315 23:03:02.484" endtime="20240315 23:03:02.484"/>
</kw>
<status status="PASS" starttime="20240315 23:03:02.484" endtime="20240315 23:03:02.484"/>
</iter>
<iter>
<var name="${index}">58</var>
<kw name="Log" library="BuiltIn">
<arg>${index}</arg>
<doc>Logs the given message with the given level.</doc>
<msg timestamp="20240315 23:03:02.485" level="INFO">58</msg>
<status status="PASS" starttime="20240315 23:03:02.485" endtime="20240315 23:03:02.485"/>
</kw>
<status status="PASS" starttime="20240315 23:03:02.484" endtime="20240315 23:03:02.485"/>
</iter>
<iter>
<var name="${index}">59</var>
<kw name="Log" library="BuiltIn">
<arg>${index}</arg>
<doc>Logs the given message with the given level.</doc>
<msg timestamp="20240315 23:03:02.485" level="INFO">59</msg>
<status status="PASS" starttime="20240315 23:03:02.485" endtime="20240315 23:03:02.485"/>
</kw>
<status status="PASS" starttime="20240315 23:03:02.485" endtime="20240315 23:03:02.485"/>
</iter>
<iter>
<var name="${index}">60</var>
<kw name="Log" library="BuiltIn">
<arg>${index}</arg>
<doc>Logs the given message with the given level.</doc>
<msg timestamp="20240315 23:03:02.485" level="INFO">60</msg>
<status status="PASS" starttime="20240315 23:03:02.485" endtime="20240315 23:03:02.485"/>
</kw>
<status status="PASS" starttime="20240315 23:03:02.485" endtime="20240315 23:03:02.485"/>
</iter>
<status status="PASS" starttime="20240315 23:03:02.467" endtime="20240315 23:03:02.485"/>
</for>
<kw name="Test End" type="TEARDOWN">
<kw name="Log" library="BuiltIn">
<arg>Ending test case,${ROBOT},Running on,${HOST}</arg>
<doc>Logs the given message with the given level.</doc>
<msg timestamp="20240315 23:03:02.486" level="INFO">Ending test case,Robot Framework 6.1.1 (Python 3.11.8 on darwin),Running on,Srinaths-MacBook-Air.local</msg>
<status status="PASS" starttime="20240315 23:03:02.486" endtime="20240315 23:03:02.486"/>
</kw>
<status status="PASS" starttime="20240315 23:03:02.485" endtime="20240315 23:03:02.486"/>
</kw>
<doc>Verify list of characters from a String</doc>
<status status="PASS" starttime="20240315 23:03:02.288" endtime="20240315 23:03:02.486"/>
</test>
<status status="PASS" starttime="20240315 23:03:01.651" endtime="20240315 23:03:02.486"/>
</suite>
<status status="PASS" starttime="20240315 23:03:01.650" endtime="20240315 23:03:02.487"/>
</suite>
<status status="PASS" starttime="20240315 23:03:01.641" endtime="20240315 23:03:02.488"/>
</suite>
<statistics>
<total>
<stat pass="1" fail="0" skip="0">All Tests</stat>
</total>
<tag>
</tag>
<suite>
<stat pass="1" fail="0" skip="0" id="s1" name="GitHubTraining">GitHubTraining</stat>
<stat pass="1" fail="0" skip="0" id="s1-s1" name="Robot Scripting">GitHubTraining.Robot Scripting</stat>
<stat pass="1" fail="0" skip="0" id="s1-s1-s1" name="Main">GitHubTraining.Robot Scripting.Main</stat>
</suite>
</statistics>
<errors>
</errors>
</robot>
