<?xml version="1.0" encoding="UTF-8"?>
<robot generator="Robot 6.1.1 (Python 3.11.8 on darwin)" generated="20240322 23:54:02.318" rpa="false" schemaversion="4">
<suite id="s1" name="GitHubTraining" source="/Users/srinath/Documents/GitHubTraining">
<suite id="s1-s1" name="Robot Scripting" source="/Users/srinath/Documents/GitHubTraining/Robot_Scripting">
<suite id="s1-s1-s1" name="Main" source="/Users/srinath/Documents/GitHubTraining/Robot_Scripting/Main.robot">
<test id="s1-s1-s1-t1" name="TestCase_01" line="25">
<kw name="Test Start" type="SETUP">
<kw name="Run" library="OperatingSystem">
<var>${robotversion}</var>
<arg>robot --version</arg>
<doc>Runs the given command in the system and returns the output.</doc>
<msg timestamp="20240322 23:54:03.025" level="INFO">Running command 'robot --version 2&gt;&amp;1'.</msg>
<msg timestamp="20240322 23:54:03.248" level="INFO">${robotversion} = Robot Framework 4.1.3 (Python 2.7.18 on darwin)</msg>
<status status="PASS" starttime="20240322 23:54:03.018" endtime="20240322 23:54:03.248"/>
</kw>
<kw name="Set Global Variable" library="BuiltIn">
<arg>${ROBOT}</arg>
<arg>${robotversion}</arg>
<doc>Makes a variable available globally in all tests and suites.</doc>
<msg timestamp="20240322 23:54:03.249" level="INFO">${ROBOT} = Robot Framework 4.1.3 (Python 2.7.18 on darwin)</msg>
<status status="PASS" starttime="20240322 23:54:03.249" endtime="20240322 23:54:03.249"/>
</kw>
<kw name="Log" library="BuiltIn">
<arg>Starting test case,${ROBOT},Running on,${HOST}</arg>
<doc>Logs the given message with the given level.</doc>
<msg timestamp="20240322 23:54:03.249" level="INFO">Starting test case,Robot Framework 4.1.3 (Python 2.7.18 on darwin),Running on,Srinaths-MacBook-Air.local</msg>
<status status="PASS" starttime="20240322 23:54:03.249" endtime="20240322 23:54:03.250"/>
</kw>
<status status="PASS" starttime="20240322 23:54:03.018" endtime="20240322 23:54:03.250"/>
</kw>
<kw name="Set Variable" library="BuiltIn">
<var>${index}</var>
<arg>0</arg>
<doc>Returns the given values which can then be assigned to a variables.</doc>
<msg timestamp="20240322 23:54:03.250" level="INFO">${index} = 0</msg>
<status status="PASS" starttime="20240322 23:54:03.250" endtime="20240322 23:54:03.250"/>
</kw>
<kw name="Get Length" library="BuiltIn">
<var>${length}</var>
<arg>${STRING}</arg>
<doc>Returns and logs the length of the given item as an integer.</doc>
<msg timestamp="20240322 23:54:03.251" level="INFO">Length is 76</msg>
<msg timestamp="20240322 23:54:03.251" level="INFO">${length} = 76</msg>
<status status="PASS" starttime="20240322 23:54:03.250" endtime="20240322 23:54:03.251"/>
</kw>
<for flavor="IN RANGE">
<var>${index}</var>
<value>0</value>
<value>${length}</value>
<iter>
<var name="${index}">0</var>
<kw name="Set Variable" library="BuiltIn">
<var>${char}</var>
<arg>${STRING[${index}]}</arg>
<doc>Returns the given values which can then be assigned to a variables.</doc>
<msg timestamp="20240322 23:54:03.252" level="INFO">${char} = T</msg>
<status status="PASS" starttime="20240322 23:54:03.251" endtime="20240322 23:54:03.252"/>
</kw>
<kw name="Log" library="BuiltIn">
<arg>${char}</arg>
<doc>Logs the given message with the given level.</doc>
<msg timestamp="20240322 23:54:03.252" level="INFO">T</msg>
<status status="PASS" starttime="20240322 23:54:03.252" endtime="20240322 23:54:03.252"/>
</kw>
<status status="PASS" starttime="20240322 23:54:03.251" endtime="20240322 23:54:03.252"/>
</iter>
<iter>
<var name="${index}">1</var>
<kw name="Set Variable" library="BuiltIn">
<var>${char}</var>
<arg>${STRING[${index}]}</arg>
<doc>Returns the given values which can then be assigned to a variables.</doc>
<msg timestamp="20240322 23:54:03.253" level="INFO">${char} = h</msg>
<status status="PASS" starttime="20240322 23:54:03.252" endtime="20240322 23:54:03.253"/>
</kw>
<kw name="Log" library="BuiltIn">
<arg>${char}</arg>
<doc>Logs the given message with the given level.</doc>
<msg timestamp="20240322 23:54:03.253" level="INFO">h</msg>
<status status="PASS" starttime="20240322 23:54:03.253" endtime="20240322 23:54:03.253"/>
</kw>
<status status="PASS" starttime="20240322 23:54:03.252" endtime="20240322 23:54:03.253"/>
</iter>
<iter>
<var name="${index}">2</var>
<kw name="Set Variable" library="BuiltIn">
<var>${char}</var>
<arg>${STRING[${index}]}</arg>
<doc>Returns the given values which can then be assigned to a variables.</doc>
<msg timestamp="20240322 23:54:03.253" level="INFO">${char} = i</msg>
<status status="PASS" starttime="20240322 23:54:03.253" endtime="20240322 23:54:03.254"/>
</kw>
<kw name="Log" library="BuiltIn">
<arg>${char}</arg>
<doc>Logs the given message with the given level.</doc>
<msg timestamp="20240322 23:54:03.254" level="INFO">i</msg>
<status status="PASS" starttime="20240322 23:54:03.254" endtime="20240322 23:54:03.254"/>
</kw>
<status status="PASS" starttime="20240322 23:54:03.253" endtime="20240322 23:54:03.254"/>
</iter>
<iter>
<var name="${index}">3</var>
<kw name="Set Variable" library="BuiltIn">
<var>${char}</var>
<arg>${STRING[${index}]}</arg>
<doc>Returns the given values which can then be assigned to a variables.</doc>
<msg timestamp="20240322 23:54:03.254" level="INFO">${char} = s</msg>
<status status="PASS" starttime="20240322 23:54:03.254" endtime="20240322 23:54:03.254"/>
</kw>
<kw name="Log" library="BuiltIn">
<arg>${char}</arg>
<doc>Logs the given message with the given level.</doc>
<msg timestamp="20240322 23:54:03.255" level="INFO">s</msg>
<status status="PASS" starttime="20240322 23:54:03.254" endtime="20240322 23:54:03.255"/>
</kw>
<status status="PASS" starttime="20240322 23:54:03.254" endtime="20240322 23:54:03.255"/>
</iter>
<iter>
<var name="${index}">4</var>
<kw name="Set Variable" library="BuiltIn">
<var>${char}</var>
<arg>${STRING[${index}]}</arg>
<doc>Returns the given values which can then be assigned to a variables.</doc>
<msg timestamp="20240322 23:54:03.255" level="INFO">${char} =  </msg>
<status status="PASS" starttime="20240322 23:54:03.255" endtime="20240322 23:54:03.255"/>
</kw>
<kw name="Log" library="BuiltIn">
<arg>${char}</arg>
<doc>Logs the given message with the given level.</doc>
<msg timestamp="20240322 23:54:03.255" level="INFO"> </msg>
<status status="PASS" starttime="20240322 23:54:03.255" endtime="20240322 23:54:03.255"/>
</kw>
<status status="PASS" starttime="20240322 23:54:03.255" endtime="20240322 23:54:03.255"/>
</iter>
<iter>
<var name="${index}">5</var>
<kw name="Set Variable" library="BuiltIn">
<var>${char}</var>
<arg>${STRING[${index}]}</arg>
<doc>Returns the given values which can then be assigned to a variables.</doc>
<msg timestamp="20240322 23:54:03.256" level="INFO">${char} = i</msg>
<status status="PASS" starttime="20240322 23:54:03.255" endtime="20240322 23:54:03.256"/>
</kw>
<kw name="Log" library="BuiltIn">
<arg>${char}</arg>
<doc>Logs the given message with the given level.</doc>
<msg timestamp="20240322 23:54:03.256" level="INFO">i</msg>
<status status="PASS" starttime="20240322 23:54:03.256" endtime="20240322 23:54:03.256"/>
</kw>
<status status="PASS" starttime="20240322 23:54:03.255" endtime="20240322 23:54:03.256"/>
</iter>
<iter>
<var name="${index}">6</var>
<kw name="Set Variable" library="BuiltIn">
<var>${char}</var>
<arg>${STRING[${index}]}</arg>
<doc>Returns the given values which can then be assigned to a variables.</doc>
<msg timestamp="20240322 23:54:03.256" level="INFO">${char} = s</msg>
<status status="PASS" starttime="20240322 23:54:03.256" endtime="20240322 23:54:03.256"/>
</kw>
<kw name="Log" library="BuiltIn">
<arg>${char}</arg>
<doc>Logs the given message with the given level.</doc>
<msg timestamp="20240322 23:54:03.256" level="INFO">s</msg>
<status status="PASS" starttime="20240322 23:54:03.256" endtime="20240322 23:54:03.257"/>
</kw>
<status status="PASS" starttime="20240322 23:54:03.256" endtime="20240322 23:54:03.257"/>
</iter>
<iter>
<var name="${index}">7</var>
<kw name="Set Variable" library="BuiltIn">
<var>${char}</var>
<arg>${STRING[${index}]}</arg>
<doc>Returns the given values which can then be assigned to a variables.</doc>
<msg timestamp="20240322 23:54:03.257" level="INFO">${char} =  </msg>
<status status="PASS" starttime="20240322 23:54:03.257" endtime="20240322 23:54:03.257"/>
</kw>
<kw name="Log" library="BuiltIn">
<arg>${char}</arg>
<doc>Logs the given message with the given level.</doc>
<msg timestamp="20240322 23:54:03.257" level="INFO"> </msg>
<status status="PASS" starttime="20240322 23:54:03.257" endtime="20240322 23:54:03.257"/>
</kw>
<status status="PASS" starttime="20240322 23:54:03.257" endtime="20240322 23:54:03.258"/>
</iter>
<iter>
<var name="${index}">8</var>
<kw name="Set Variable" library="BuiltIn">
<var>${char}</var>
<arg>${STRING[${index}]}</arg>
<doc>Returns the given values which can then be assigned to a variables.</doc>
<msg timestamp="20240322 23:54:03.258" level="INFO">${char} = a</msg>
<status status="PASS" starttime="20240322 23:54:03.258" endtime="20240322 23:54:03.258"/>
</kw>
<kw name="Log" library="BuiltIn">
<arg>${char}</arg>
<doc>Logs the given message with the given level.</doc>
<msg timestamp="20240322 23:54:03.258" level="INFO">a</msg>
<status status="PASS" starttime="20240322 23:54:03.258" endtime="20240322 23:54:03.258"/>
</kw>
<status status="PASS" starttime="20240322 23:54:03.258" endtime="20240322 23:54:03.258"/>
</iter>
<iter>
<var name="${index}">9</var>
<kw name="Set Variable" library="BuiltIn">
<var>${char}</var>
<arg>${STRING[${index}]}</arg>
<doc>Returns the given values which can then be assigned to a variables.</doc>
<msg timestamp="20240322 23:54:03.259" level="INFO">${char} =  </msg>
<status status="PASS" starttime="20240322 23:54:03.258" endtime="20240322 23:54:03.259"/>
</kw>
<kw name="Log" library="BuiltIn">
<arg>${char}</arg>
<doc>Logs the given message with the given level.</doc>
<msg timestamp="20240322 23:54:03.259" level="INFO"> </msg>
<status status="PASS" starttime="20240322 23:54:03.259" endtime="20240322 23:54:03.259"/>
</kw>
<status status="PASS" starttime="20240322 23:54:03.258" endtime="20240322 23:54:03.259"/>
</iter>
<iter>
<var name="${index}">10</var>
<kw name="Set Variable" library="BuiltIn">
<var>${char}</var>
<arg>${STRING[${index}]}</arg>
<doc>Returns the given values which can then be assigned to a variables.</doc>
<msg timestamp="20240322 23:54:03.259" level="INFO">${char} = l</msg>
<status status="PASS" starttime="20240322 23:54:03.259" endtime="20240322 23:54:03.259"/>
</kw>
<kw name="Log" library="BuiltIn">
<arg>${char}</arg>
<doc>Logs the given message with the given level.</doc>
<msg timestamp="20240322 23:54:03.260" level="INFO">l</msg>
<status status="PASS" starttime="20240322 23:54:03.259" endtime="20240322 23:54:03.260"/>
</kw>
<status status="PASS" starttime="20240322 23:54:03.259" endtime="20240322 23:54:03.260"/>
</iter>
<iter>
<var name="${index}">11</var>
<kw name="Set Variable" library="BuiltIn">
<var>${char}</var>
<arg>${STRING[${index}]}</arg>
<doc>Returns the given values which can then be assigned to a variables.</doc>
<msg timestamp="20240322 23:54:03.260" level="INFO">${char} = o</msg>
<status status="PASS" starttime="20240322 23:54:03.260" endtime="20240322 23:54:03.260"/>
</kw>
<kw name="Log" library="BuiltIn">
<arg>${char}</arg>
<doc>Logs the given message with the given level.</doc>
<msg timestamp="20240322 23:54:03.260" level="INFO">o</msg>
<status status="PASS" starttime="20240322 23:54:03.260" endtime="20240322 23:54:03.260"/>
</kw>
<status status="PASS" starttime="20240322 23:54:03.260" endtime="20240322 23:54:03.260"/>
</iter>
<iter>
<var name="${index}">12</var>
<kw name="Set Variable" library="BuiltIn">
<var>${char}</var>
<arg>${STRING[${index}]}</arg>
<doc>Returns the given values which can then be assigned to a variables.</doc>
<msg timestamp="20240322 23:54:03.261" level="INFO">${char} = n</msg>
<status status="PASS" starttime="20240322 23:54:03.260" endtime="20240322 23:54:03.261"/>
</kw>
<kw name="Log" library="BuiltIn">
<arg>${char}</arg>
<doc>Logs the given message with the given level.</doc>
<msg timestamp="20240322 23:54:03.261" level="INFO">n</msg>
<status status="PASS" starttime="20240322 23:54:03.261" endtime="20240322 23:54:03.261"/>
</kw>
<status status="PASS" starttime="20240322 23:54:03.260" endtime="20240322 23:54:03.261"/>
</iter>
<iter>
<var name="${index}">13</var>
<kw name="Set Variable" library="BuiltIn">
<var>${char}</var>
<arg>${STRING[${index}]}</arg>
<doc>Returns the given values which can then be assigned to a variables.</doc>
<msg timestamp="20240322 23:54:03.261" level="INFO">${char} = g</msg>
<status status="PASS" starttime="20240322 23:54:03.261" endtime="20240322 23:54:03.261"/>
</kw>
<kw name="Log" library="BuiltIn">
<arg>${char}</arg>
<doc>Logs the given message with the given level.</doc>
<msg timestamp="20240322 23:54:03.262" level="INFO">g</msg>
<status status="PASS" starttime="20240322 23:54:03.261" endtime="20240322 23:54:03.262"/>
</kw>
<status status="PASS" starttime="20240322 23:54:03.261" endtime="20240322 23:54:03.262"/>
</iter>
<iter>
<var name="${index}">14</var>
<kw name="Set Variable" library="BuiltIn">
<var>${char}</var>
<arg>${STRING[${index}]}</arg>
<doc>Returns the given values which can then be assigned to a variables.</doc>
<msg timestamp="20240322 23:54:03.262" level="INFO">${char} =  </msg>
<status status="PASS" starttime="20240322 23:54:03.262" endtime="20240322 23:54:03.262"/>
</kw>
<kw name="Log" library="BuiltIn">
<arg>${char}</arg>
<doc>Logs the given message with the given level.</doc>
<msg timestamp="20240322 23:54:03.262" level="INFO"> </msg>
<status status="PASS" starttime="20240322 23:54:03.262" endtime="20240322 23:54:03.262"/>
</kw>
<status status="PASS" starttime="20240322 23:54:03.262" endtime="20240322 23:54:03.262"/>
</iter>
<iter>
<var name="${index}">15</var>
<kw name="Set Variable" library="BuiltIn">
<var>${char}</var>
<arg>${STRING[${index}]}</arg>
<doc>Returns the given values which can then be assigned to a variables.</doc>
<msg timestamp="20240322 23:54:03.263" level="INFO">${char} = s</msg>
<status status="PASS" starttime="20240322 23:54:03.262" endtime="20240322 23:54:03.263"/>
</kw>
<kw name="Log" library="BuiltIn">
<arg>${char}</arg>
<doc>Logs the given message with the given level.</doc>
<msg timestamp="20240322 23:54:03.263" level="INFO">s</msg>
<status status="PASS" starttime="20240322 23:54:03.263" endtime="20240322 23:54:03.263"/>
</kw>
<status status="PASS" starttime="20240322 23:54:03.262" endtime="20240322 23:54:03.263"/>
</iter>
<iter>
<var name="${index}">16</var>
<kw name="Set Variable" library="BuiltIn">
<var>${char}</var>
<arg>${STRING[${index}]}</arg>
<doc>Returns the given values which can then be assigned to a variables.</doc>
<msg timestamp="20240322 23:54:03.263" level="INFO">${char} = t</msg>
<status status="PASS" starttime="20240322 23:54:03.263" endtime="20240322 23:54:03.263"/>
</kw>
<kw name="Log" library="BuiltIn">
<arg>${char}</arg>
<doc>Logs the given message with the given level.</doc>
<msg timestamp="20240322 23:54:03.263" level="INFO">t</msg>
<status status="PASS" starttime="20240322 23:54:03.263" endtime="20240322 23:54:03.264"/>
</kw>
<status status="PASS" starttime="20240322 23:54:03.263" endtime="20240322 23:54:03.264"/>
</iter>
<iter>
<var name="${index}">17</var>
<kw name="Set Variable" library="BuiltIn">
<var>${char}</var>
<arg>${STRING[${index}]}</arg>
<doc>Returns the given values which can then be assigned to a variables.</doc>
<msg timestamp="20240322 23:54:03.264" level="INFO">${char} = r</msg>
<status status="PASS" starttime="20240322 23:54:03.264" endtime="20240322 23:54:03.264"/>
</kw>
<kw name="Log" library="BuiltIn">
<arg>${char}</arg>
<doc>Logs the given message with the given level.</doc>
<msg timestamp="20240322 23:54:03.265" level="INFO">r</msg>
<status status="PASS" starttime="20240322 23:54:03.264" endtime="20240322 23:54:03.265"/>
</kw>
<status status="PASS" starttime="20240322 23:54:03.264" endtime="20240322 23:54:03.265"/>
</iter>
<iter>
<var name="${index}">18</var>
<kw name="Set Variable" library="BuiltIn">
<var>${char}</var>
<arg>${STRING[${index}]}</arg>
<doc>Returns the given values which can then be assigned to a variables.</doc>
<msg timestamp="20240322 23:54:03.265" level="INFO">${char} = i</msg>
<status status="PASS" starttime="20240322 23:54:03.265" endtime="20240322 23:54:03.265"/>
</kw>
<kw name="Log" library="BuiltIn">
<arg>${char}</arg>
<doc>Logs the given message with the given level.</doc>
<msg timestamp="20240322 23:54:03.265" level="INFO">i</msg>
<status status="PASS" starttime="20240322 23:54:03.265" endtime="20240322 23:54:03.265"/>
</kw>
<status status="PASS" starttime="20240322 23:54:03.265" endtime="20240322 23:54:03.266"/>
</iter>
<iter>
<var name="${index}">19</var>
<kw name="Set Variable" library="BuiltIn">
<var>${char}</var>
<arg>${STRING[${index}]}</arg>
<doc>Returns the given values which can then be assigned to a variables.</doc>
<msg timestamp="20240322 23:54:03.266" level="INFO">${char} = n</msg>
<status status="PASS" starttime="20240322 23:54:03.266" endtime="20240322 23:54:03.266"/>
</kw>
<kw name="Log" library="BuiltIn">
<arg>${char}</arg>
<doc>Logs the given message with the given level.</doc>
<msg timestamp="20240322 23:54:03.266" level="INFO">n</msg>
<status status="PASS" starttime="20240322 23:54:03.266" endtime="20240322 23:54:03.266"/>
</kw>
<status status="PASS" starttime="20240322 23:54:03.266" endtime="20240322 23:54:03.266"/>
</iter>
<iter>
<var name="${index}">20</var>
<kw name="Set Variable" library="BuiltIn">
<var>${char}</var>
<arg>${STRING[${index}]}</arg>
<doc>Returns the given values which can then be assigned to a variables.</doc>
<msg timestamp="20240322 23:54:03.267" level="INFO">${char} = g</msg>
<status status="PASS" starttime="20240322 23:54:03.266" endtime="20240322 23:54:03.267"/>
</kw>
<kw name="Log" library="BuiltIn">
<arg>${char}</arg>
<doc>Logs the given message with the given level.</doc>
<msg timestamp="20240322 23:54:03.267" level="INFO">g</msg>
<status status="PASS" starttime="20240322 23:54:03.267" endtime="20240322 23:54:03.267"/>
</kw>
<status status="PASS" starttime="20240322 23:54:03.266" endtime="20240322 23:54:03.267"/>
</iter>
<iter>
<var name="${index}">21</var>
<kw name="Set Variable" library="BuiltIn">
<var>${char}</var>
<arg>${STRING[${index}]}</arg>
<doc>Returns the given values which can then be assigned to a variables.</doc>
<msg timestamp="20240322 23:54:03.267" level="INFO">${char} = .</msg>
<status status="PASS" starttime="20240322 23:54:03.267" endtime="20240322 23:54:03.267"/>
</kw>
<kw name="Log" library="BuiltIn">
<arg>${char}</arg>
<doc>Logs the given message with the given level.</doc>
<msg timestamp="20240322 23:54:03.267" level="INFO">.</msg>
<status status="PASS" starttime="20240322 23:54:03.267" endtime="20240322 23:54:03.267"/>
</kw>
<status status="PASS" starttime="20240322 23:54:03.267" endtime="20240322 23:54:03.267"/>
</iter>
<iter>
<var name="${index}">22</var>
<kw name="Set Variable" library="BuiltIn">
<var>${char}</var>
<arg>${STRING[${index}]}</arg>
<doc>Returns the given values which can then be assigned to a variables.</doc>
<msg timestamp="20240322 23:54:03.268" level="INFO">${char} =  </msg>
<status status="PASS" starttime="20240322 23:54:03.267" endtime="20240322 23:54:03.268"/>
</kw>
<kw name="Log" library="BuiltIn">
<arg>${char}</arg>
<doc>Logs the given message with the given level.</doc>
<msg timestamp="20240322 23:54:03.268" level="INFO"> </msg>
<status status="PASS" starttime="20240322 23:54:03.268" endtime="20240322 23:54:03.268"/>
</kw>
<status status="PASS" starttime="20240322 23:54:03.267" endtime="20240322 23:54:03.268"/>
</iter>
<iter>
<var name="${index}">23</var>
<kw name="Set Variable" library="BuiltIn">
<var>${char}</var>
<arg>${STRING[${index}]}</arg>
<doc>Returns the given values which can then be assigned to a variables.</doc>
<msg timestamp="20240322 23:54:03.268" level="INFO">${char} = I</msg>
<status status="PASS" starttime="20240322 23:54:03.268" endtime="20240322 23:54:03.268"/>
</kw>
<kw name="Log" library="BuiltIn">
<arg>${char}</arg>
<doc>Logs the given message with the given level.</doc>
<msg timestamp="20240322 23:54:03.268" level="INFO">I</msg>
<status status="PASS" starttime="20240322 23:54:03.268" endtime="20240322 23:54:03.268"/>
</kw>
<status status="PASS" starttime="20240322 23:54:03.268" endtime="20240322 23:54:03.268"/>
</iter>
<iter>
<var name="${index}">24</var>
<kw name="Set Variable" library="BuiltIn">
<var>${char}</var>
<arg>${STRING[${index}]}</arg>
<doc>Returns the given values which can then be assigned to a variables.</doc>
<msg timestamp="20240322 23:54:03.269" level="INFO">${char} = t</msg>
<status status="PASS" starttime="20240322 23:54:03.269" endtime="20240322 23:54:03.269"/>
</kw>
<kw name="Log" library="BuiltIn">
<arg>${char}</arg>
<doc>Logs the given message with the given level.</doc>
<msg timestamp="20240322 23:54:03.269" level="INFO">t</msg>
<status status="PASS" starttime="20240322 23:54:03.269" endtime="20240322 23:54:03.269"/>
</kw>
<status status="PASS" starttime="20240322 23:54:03.269" endtime="20240322 23:54:03.269"/>
</iter>
<iter>
<var name="${index}">25</var>
<kw name="Set Variable" library="BuiltIn">
<var>${char}</var>
<arg>${STRING[${index}]}</arg>
<doc>Returns the given values which can then be assigned to a variables.</doc>
<msg timestamp="20240322 23:54:03.270" level="INFO">${char} =  </msg>
<status status="PASS" starttime="20240322 23:54:03.269" endtime="20240322 23:54:03.270"/>
</kw>
<kw name="Log" library="BuiltIn">
<arg>${char}</arg>
<doc>Logs the given message with the given level.</doc>
<msg timestamp="20240322 23:54:03.270" level="INFO"> </msg>
<status status="PASS" starttime="20240322 23:54:03.270" endtime="20240322 23:54:03.270"/>
</kw>
<status status="PASS" starttime="20240322 23:54:03.269" endtime="20240322 23:54:03.270"/>
</iter>
<iter>
<var name="${index}">26</var>
<kw name="Set Variable" library="BuiltIn">
<var>${char}</var>
<arg>${STRING[${index}]}</arg>
<doc>Returns the given values which can then be assigned to a variables.</doc>
<msg timestamp="20240322 23:54:03.270" level="INFO">${char} = h</msg>
<status status="PASS" starttime="20240322 23:54:03.270" endtime="20240322 23:54:03.270"/>
</kw>
<kw name="Log" library="BuiltIn">
<arg>${char}</arg>
<doc>Logs the given message with the given level.</doc>
<msg timestamp="20240322 23:54:03.270" level="INFO">h</msg>
<status status="PASS" starttime="20240322 23:54:03.270" endtime="20240322 23:54:03.270"/>
</kw>
<status status="PASS" starttime="20240322 23:54:03.270" endtime="20240322 23:54:03.270"/>
</iter>
<iter>
<var name="${index}">27</var>
<kw name="Set Variable" library="BuiltIn">
<var>${char}</var>
<arg>${STRING[${index}]}</arg>
<doc>Returns the given values which can then be assigned to a variables.</doc>
<msg timestamp="20240322 23:54:03.271" level="INFO">${char} = a</msg>
<status status="PASS" starttime="20240322 23:54:03.270" endtime="20240322 23:54:03.271"/>
</kw>
<kw name="Log" library="BuiltIn">
<arg>${char}</arg>
<doc>Logs the given message with the given level.</doc>
<msg timestamp="20240322 23:54:03.271" level="INFO">a</msg>
<status status="PASS" starttime="20240322 23:54:03.271" endtime="20240322 23:54:03.271"/>
</kw>
<status status="PASS" starttime="20240322 23:54:03.270" endtime="20240322 23:54:03.271"/>
</iter>
<iter>
<var name="${index}">28</var>
<kw name="Set Variable" library="BuiltIn">
<var>${char}</var>
<arg>${STRING[${index}]}</arg>
<doc>Returns the given values which can then be assigned to a variables.</doc>
<msg timestamp="20240322 23:54:03.271" level="INFO">${char} = s</msg>
<status status="PASS" starttime="20240322 23:54:03.271" endtime="20240322 23:54:03.271"/>
</kw>
<kw name="Log" library="BuiltIn">
<arg>${char}</arg>
<doc>Logs the given message with the given level.</doc>
<msg timestamp="20240322 23:54:03.271" level="INFO">s</msg>
<status status="PASS" starttime="20240322 23:54:03.271" endtime="20240322 23:54:03.271"/>
</kw>
<status status="PASS" starttime="20240322 23:54:03.271" endtime="20240322 23:54:03.271"/>
</iter>
<iter>
<var name="${index}">29</var>
<kw name="Set Variable" library="BuiltIn">
<var>${char}</var>
<arg>${STRING[${index}]}</arg>
<doc>Returns the given values which can then be assigned to a variables.</doc>
<msg timestamp="20240322 23:54:03.272" level="INFO">${char} =  </msg>
<status status="PASS" starttime="20240322 23:54:03.272" endtime="20240322 23:54:03.272"/>
</kw>
<kw name="Log" library="BuiltIn">
<arg>${char}</arg>
<doc>Logs the given message with the given level.</doc>
<msg timestamp="20240322 23:54:03.272" level="INFO"> </msg>
<status status="PASS" starttime="20240322 23:54:03.272" endtime="20240322 23:54:03.272"/>
</kw>
<status status="PASS" starttime="20240322 23:54:03.272" endtime="20240322 23:54:03.272"/>
</iter>
<iter>
<var name="${index}">30</var>
<kw name="Set Variable" library="BuiltIn">
<var>${char}</var>
<arg>${STRING[${index}]}</arg>
<doc>Returns the given values which can then be assigned to a variables.</doc>
<msg timestamp="20240322 23:54:03.272" level="INFO">${char} = m</msg>
<status status="PASS" starttime="20240322 23:54:03.272" endtime="20240322 23:54:03.272"/>
</kw>
<kw name="Log" library="BuiltIn">
<arg>${char}</arg>
<doc>Logs the given message with the given level.</doc>
<msg timestamp="20240322 23:54:03.273" level="INFO">m</msg>
<status status="PASS" starttime="20240322 23:54:03.273" endtime="20240322 23:54:03.273"/>
</kw>
<status status="PASS" starttime="20240322 23:54:03.272" endtime="20240322 23:54:03.273"/>
</iter>
<iter>
<var name="${index}">31</var>
<kw name="Set Variable" library="BuiltIn">
<var>${char}</var>
<arg>${STRING[${index}]}</arg>
<doc>Returns the given values which can then be assigned to a variables.</doc>
<msg timestamp="20240322 23:54:03.273" level="INFO">${char} = u</msg>
<status status="PASS" starttime="20240322 23:54:03.273" endtime="20240322 23:54:03.273"/>
</kw>
<kw name="Log" library="BuiltIn">
<arg>${char}</arg>
<doc>Logs the given message with the given level.</doc>
<msg timestamp="20240322 23:54:03.273" level="INFO">u</msg>
<status status="PASS" starttime="20240322 23:54:03.273" endtime="20240322 23:54:03.273"/>
</kw>
<status status="PASS" starttime="20240322 23:54:03.273" endtime="20240322 23:54:03.273"/>
</iter>
<iter>
<var name="${index}">32</var>
<kw name="Set Variable" library="BuiltIn">
<var>${char}</var>
<arg>${STRING[${index}]}</arg>
<doc>Returns the given values which can then be assigned to a variables.</doc>
<msg timestamp="20240322 23:54:03.274" level="INFO">${char} = l</msg>
<status status="PASS" starttime="20240322 23:54:03.273" endtime="20240322 23:54:03.274"/>
</kw>
<kw name="Log" library="BuiltIn">
<arg>${char}</arg>
<doc>Logs the given message with the given level.</doc>
<msg timestamp="20240322 23:54:03.274" level="INFO">l</msg>
<status status="PASS" starttime="20240322 23:54:03.274" endtime="20240322 23:54:03.274"/>
</kw>
<status status="PASS" starttime="20240322 23:54:03.273" endtime="20240322 23:54:03.274"/>
</iter>
<iter>
<var name="${index}">33</var>
<kw name="Set Variable" library="BuiltIn">
<var>${char}</var>
<arg>${STRING[${index}]}</arg>
<doc>Returns the given values which can then be assigned to a variables.</doc>
<msg timestamp="20240322 23:54:03.274" level="INFO">${char} = t</msg>
<status status="PASS" starttime="20240322 23:54:03.274" endtime="20240322 23:54:03.274"/>
</kw>
<kw name="Log" library="BuiltIn">
<arg>${char}</arg>
<doc>Logs the given message with the given level.</doc>
<msg timestamp="20240322 23:54:03.274" level="INFO">t</msg>
<status status="PASS" starttime="20240322 23:54:03.274" endtime="20240322 23:54:03.274"/>
</kw>
<status status="PASS" starttime="20240322 23:54:03.274" endtime="20240322 23:54:03.274"/>
</iter>
<iter>
<var name="${index}">34</var>
<kw name="Set Variable" library="BuiltIn">
<var>${char}</var>
<arg>${STRING[${index}]}</arg>
<doc>Returns the given values which can then be assigned to a variables.</doc>
<msg timestamp="20240322 23:54:03.275" level="INFO">${char} = i</msg>
<status status="PASS" starttime="20240322 23:54:03.275" endtime="20240322 23:54:03.275"/>
</kw>
<kw name="Log" library="BuiltIn">
<arg>${char}</arg>
<doc>Logs the given message with the given level.</doc>
<msg timestamp="20240322 23:54:03.275" level="INFO">i</msg>
<status status="PASS" starttime="20240322 23:54:03.275" endtime="20240322 23:54:03.275"/>
</kw>
<status status="PASS" starttime="20240322 23:54:03.274" endtime="20240322 23:54:03.275"/>
</iter>
<iter>
<var name="${index}">35</var>
<kw name="Set Variable" library="BuiltIn">
<var>${char}</var>
<arg>${STRING[${index}]}</arg>
<doc>Returns the given values which can then be assigned to a variables.</doc>
<msg timestamp="20240322 23:54:03.275" level="INFO">${char} = p</msg>
<status status="PASS" starttime="20240322 23:54:03.275" endtime="20240322 23:54:03.275"/>
</kw>
<kw name="Log" library="BuiltIn">
<arg>${char}</arg>
<doc>Logs the given message with the given level.</doc>
<msg timestamp="20240322 23:54:03.276" level="INFO">p</msg>
<status status="PASS" starttime="20240322 23:54:03.275" endtime="20240322 23:54:03.276"/>
</kw>
<status status="PASS" starttime="20240322 23:54:03.275" endtime="20240322 23:54:03.276"/>
</iter>
<iter>
<var name="${index}">36</var>
<kw name="Set Variable" library="BuiltIn">
<var>${char}</var>
<arg>${STRING[${index}]}</arg>
<doc>Returns the given values which can then be assigned to a variables.</doc>
<msg timestamp="20240322 23:54:03.276" level="INFO">${char} = l</msg>
<status status="PASS" starttime="20240322 23:54:03.276" endtime="20240322 23:54:03.276"/>
</kw>
<kw name="Log" library="BuiltIn">
<arg>${char}</arg>
<doc>Logs the given message with the given level.</doc>
<msg timestamp="20240322 23:54:03.276" level="INFO">l</msg>
<status status="PASS" starttime="20240322 23:54:03.276" endtime="20240322 23:54:03.276"/>
</kw>
<status status="PASS" starttime="20240322 23:54:03.276" endtime="20240322 23:54:03.276"/>
</iter>
<iter>
<var name="${index}">37</var>
<kw name="Set Variable" library="BuiltIn">
<var>${char}</var>
<arg>${STRING[${index}]}</arg>
<doc>Returns the given values which can then be assigned to a variables.</doc>
<msg timestamp="20240322 23:54:03.277" level="INFO">${char} = e</msg>
<status status="PASS" starttime="20240322 23:54:03.276" endtime="20240322 23:54:03.277"/>
</kw>
<kw name="Log" library="BuiltIn">
<arg>${char}</arg>
<doc>Logs the given message with the given level.</doc>
<msg timestamp="20240322 23:54:03.277" level="INFO">e</msg>
<status status="PASS" starttime="20240322 23:54:03.277" endtime="20240322 23:54:03.277"/>
</kw>
<status status="PASS" starttime="20240322 23:54:03.276" endtime="20240322 23:54:03.277"/>
</iter>
<iter>
<var name="${index}">38</var>
<kw name="Set Variable" library="BuiltIn">
<var>${char}</var>
<arg>${STRING[${index}]}</arg>
<doc>Returns the given values which can then be assigned to a variables.</doc>
<msg timestamp="20240322 23:54:03.277" level="INFO">${char} =  </msg>
<status status="PASS" starttime="20240322 23:54:03.277" endtime="20240322 23:54:03.277"/>
</kw>
<kw name="Log" library="BuiltIn">
<arg>${char}</arg>
<doc>Logs the given message with the given level.</doc>
<msg timestamp="20240322 23:54:03.277" level="INFO"> </msg>
<status status="PASS" starttime="20240322 23:54:03.277" endtime="20240322 23:54:03.277"/>
</kw>
<status status="PASS" starttime="20240322 23:54:03.277" endtime="20240322 23:54:03.277"/>
</iter>
<iter>
<var name="${index}">39</var>
<kw name="Set Variable" library="BuiltIn">
<var>${char}</var>
<arg>${STRING[${index}]}</arg>
<doc>Returns the given values which can then be assigned to a variables.</doc>
<msg timestamp="20240322 23:54:03.278" level="INFO">${char} = s</msg>
<status status="PASS" starttime="20240322 23:54:03.278" endtime="20240322 23:54:03.278"/>
</kw>
<kw name="Log" library="BuiltIn">
<arg>${char}</arg>
<doc>Logs the given message with the given level.</doc>
<msg timestamp="20240322 23:54:03.278" level="INFO">s</msg>
<status status="PASS" starttime="20240322 23:54:03.278" endtime="20240322 23:54:03.278"/>
</kw>
<status status="PASS" starttime="20240322 23:54:03.278" endtime="20240322 23:54:03.278"/>
</iter>
<iter>
<var name="${index}">40</var>
<kw name="Set Variable" library="BuiltIn">
<var>${char}</var>
<arg>${STRING[${index}]}</arg>
<doc>Returns the given values which can then be assigned to a variables.</doc>
<msg timestamp="20240322 23:54:03.278" level="INFO">${char} = e</msg>
<status status="PASS" starttime="20240322 23:54:03.278" endtime="20240322 23:54:03.279"/>
</kw>
<kw name="Log" library="BuiltIn">
<arg>${char}</arg>
<doc>Logs the given message with the given level.</doc>
<msg timestamp="20240322 23:54:03.279" level="INFO">e</msg>
<status status="PASS" starttime="20240322 23:54:03.279" endtime="20240322 23:54:03.279"/>
</kw>
<status status="PASS" starttime="20240322 23:54:03.278" endtime="20240322 23:54:03.279"/>
</iter>
<iter>
<var name="${index}">41</var>
<kw name="Set Variable" library="BuiltIn">
<var>${char}</var>
<arg>${STRING[${index}]}</arg>
<doc>Returns the given values which can then be assigned to a variables.</doc>
<msg timestamp="20240322 23:54:03.280" level="INFO">${char} = n</msg>
<status status="PASS" starttime="20240322 23:54:03.279" endtime="20240322 23:54:03.280"/>
</kw>
<kw name="Log" library="BuiltIn">
<arg>${char}</arg>
<doc>Logs the given message with the given level.</doc>
<msg timestamp="20240322 23:54:03.280" level="INFO">n</msg>
<status status="PASS" starttime="20240322 23:54:03.280" endtime="20240322 23:54:03.280"/>
</kw>
<status status="PASS" starttime="20240322 23:54:03.279" endtime="20240322 23:54:03.280"/>
</iter>
<iter>
<var name="${index}">42</var>
<kw name="Set Variable" library="BuiltIn">
<var>${char}</var>
<arg>${STRING[${index}]}</arg>
<doc>Returns the given values which can then be assigned to a variables.</doc>
<msg timestamp="20240322 23:54:03.280" level="INFO">${char} = t</msg>
<status status="PASS" starttime="20240322 23:54:03.280" endtime="20240322 23:54:03.280"/>
</kw>
<kw name="Log" library="BuiltIn">
<arg>${char}</arg>
<doc>Logs the given message with the given level.</doc>
<msg timestamp="20240322 23:54:03.280" level="INFO">t</msg>
<status status="PASS" starttime="20240322 23:54:03.280" endtime="20240322 23:54:03.280"/>
</kw>
<status status="PASS" starttime="20240322 23:54:03.280" endtime="20240322 23:54:03.280"/>
</iter>
<iter>
<var name="${index}">43</var>
<kw name="Set Variable" library="BuiltIn">
<var>${char}</var>
<arg>${STRING[${index}]}</arg>
<doc>Returns the given values which can then be assigned to a variables.</doc>
<msg timestamp="20240322 23:54:03.281" level="INFO">${char} = e</msg>
<status status="PASS" starttime="20240322 23:54:03.281" endtime="20240322 23:54:03.281"/>
</kw>
<kw name="Log" library="BuiltIn">
<arg>${char}</arg>
<doc>Logs the given message with the given level.</doc>
<msg timestamp="20240322 23:54:03.281" level="INFO">e</msg>
<status status="PASS" starttime="20240322 23:54:03.281" endtime="20240322 23:54:03.281"/>
</kw>
<status status="PASS" starttime="20240322 23:54:03.280" endtime="20240322 23:54:03.281"/>
</iter>
<iter>
<var name="${index}">44</var>
<kw name="Set Variable" library="BuiltIn">
<var>${char}</var>
<arg>${STRING[${index}]}</arg>
<doc>Returns the given values which can then be assigned to a variables.</doc>
<msg timestamp="20240322 23:54:03.281" level="INFO">${char} = n</msg>
<status status="PASS" starttime="20240322 23:54:03.281" endtime="20240322 23:54:03.281"/>
</kw>
<kw name="Log" library="BuiltIn">
<arg>${char}</arg>
<doc>Logs the given message with the given level.</doc>
<msg timestamp="20240322 23:54:03.282" level="INFO">n</msg>
<status status="PASS" starttime="20240322 23:54:03.281" endtime="20240322 23:54:03.282"/>
</kw>
<status status="PASS" starttime="20240322 23:54:03.281" endtime="20240322 23:54:03.282"/>
</iter>
<iter>
<var name="${index}">45</var>
<kw name="Set Variable" library="BuiltIn">
<var>${char}</var>
<arg>${STRING[${index}]}</arg>
<doc>Returns the given values which can then be assigned to a variables.</doc>
<msg timestamp="20240322 23:54:03.282" level="INFO">${char} = c</msg>
<status status="PASS" starttime="20240322 23:54:03.282" endtime="20240322 23:54:03.282"/>
</kw>
<kw name="Log" library="BuiltIn">
<arg>${char}</arg>
<doc>Logs the given message with the given level.</doc>
<msg timestamp="20240322 23:54:03.282" level="INFO">c</msg>
<status status="PASS" starttime="20240322 23:54:03.282" endtime="20240322 23:54:03.282"/>
</kw>
<status status="PASS" starttime="20240322 23:54:03.282" endtime="20240322 23:54:03.282"/>
</iter>
<iter>
<var name="${index}">46</var>
<kw name="Set Variable" library="BuiltIn">
<var>${char}</var>
<arg>${STRING[${index}]}</arg>
<doc>Returns the given values which can then be assigned to a variables.</doc>
<msg timestamp="20240322 23:54:03.282" level="INFO">${char} = e</msg>
<status status="PASS" starttime="20240322 23:54:03.282" endtime="20240322 23:54:03.283"/>
</kw>
<kw name="Log" library="BuiltIn">
<arg>${char}</arg>
<doc>Logs the given message with the given level.</doc>
<msg timestamp="20240322 23:54:03.283" level="INFO">e</msg>
<status status="PASS" starttime="20240322 23:54:03.283" endtime="20240322 23:54:03.283"/>
</kw>
<status status="PASS" starttime="20240322 23:54:03.282" endtime="20240322 23:54:03.283"/>
</iter>
<iter>
<var name="${index}">47</var>
<kw name="Set Variable" library="BuiltIn">
<var>${char}</var>
<arg>${STRING[${index}]}</arg>
<doc>Returns the given values which can then be assigned to a variables.</doc>
<msg timestamp="20240322 23:54:03.283" level="INFO">${char} = s</msg>
<status status="PASS" starttime="20240322 23:54:03.283" endtime="20240322 23:54:03.283"/>
</kw>
<kw name="Log" library="BuiltIn">
<arg>${char}</arg>
<doc>Logs the given message with the given level.</doc>
<msg timestamp="20240322 23:54:03.283" level="INFO">s</msg>
<status status="PASS" starttime="20240322 23:54:03.283" endtime="20240322 23:54:03.283"/>
</kw>
<status status="PASS" starttime="20240322 23:54:03.283" endtime="20240322 23:54:03.283"/>
</iter>
<iter>
<var name="${index}">48</var>
<kw name="Set Variable" library="BuiltIn">
<var>${char}</var>
<arg>${STRING[${index}]}</arg>
<doc>Returns the given values which can then be assigned to a variables.</doc>
<msg timestamp="20240322 23:54:03.284" level="INFO">${char} = .</msg>
<status status="PASS" starttime="20240322 23:54:03.283" endtime="20240322 23:54:03.284"/>
</kw>
<kw name="Log" library="BuiltIn">
<arg>${char}</arg>
<doc>Logs the given message with the given level.</doc>
<msg timestamp="20240322 23:54:03.284" level="INFO">.</msg>
<status status="PASS" starttime="20240322 23:54:03.284" endtime="20240322 23:54:03.284"/>
</kw>
<status status="PASS" starttime="20240322 23:54:03.283" endtime="20240322 23:54:03.284"/>
</iter>
<iter>
<var name="${index}">49</var>
<kw name="Set Variable" library="BuiltIn">
<var>${char}</var>
<arg>${STRING[${index}]}</arg>
<doc>Returns the given values which can then be assigned to a variables.</doc>
<msg timestamp="20240322 23:54:03.284" level="INFO">${char} =  </msg>
<status status="PASS" starttime="20240322 23:54:03.284" endtime="20240322 23:54:03.284"/>
</kw>
<kw name="Log" library="BuiltIn">
<arg>${char}</arg>
<doc>Logs the given message with the given level.</doc>
<msg timestamp="20240322 23:54:03.284" level="INFO"> </msg>
<status status="PASS" starttime="20240322 23:54:03.284" endtime="20240322 23:54:03.284"/>
</kw>
<status status="PASS" starttime="20240322 23:54:03.284" endtime="20240322 23:54:03.284"/>
</iter>
<iter>
<var name="${index}">50</var>
<kw name="Set Variable" library="BuiltIn">
<var>${char}</var>
<arg>${STRING[${index}]}</arg>
<doc>Returns the given values which can then be assigned to a variables.</doc>
<msg timestamp="20240322 23:54:03.285" level="INFO">${char} = I</msg>
<status status="PASS" starttime="20240322 23:54:03.285" endtime="20240322 23:54:03.285"/>
</kw>
<kw name="Log" library="BuiltIn">
<arg>${char}</arg>
<doc>Logs the given message with the given level.</doc>
<msg timestamp="20240322 23:54:03.285" level="INFO">I</msg>
<status status="PASS" starttime="20240322 23:54:03.285" endtime="20240322 23:54:03.285"/>
</kw>
<status status="PASS" starttime="20240322 23:54:03.284" endtime="20240322 23:54:03.285"/>
</iter>
<iter>
<var name="${index}">51</var>
<kw name="Set Variable" library="BuiltIn">
<var>${char}</var>
<arg>${STRING[${index}]}</arg>
<doc>Returns the given values which can then be assigned to a variables.</doc>
<msg timestamp="20240322 23:54:03.285" level="INFO">${char} = t</msg>
<status status="PASS" starttime="20240322 23:54:03.285" endtime="20240322 23:54:03.285"/>
</kw>
<kw name="Log" library="BuiltIn">
<arg>${char}</arg>
<doc>Logs the given message with the given level.</doc>
<msg timestamp="20240322 23:54:03.286" level="INFO">t</msg>
<status status="PASS" starttime="20240322 23:54:03.286" endtime="20240322 23:54:03.286"/>
</kw>
<status status="PASS" starttime="20240322 23:54:03.285" endtime="20240322 23:54:03.286"/>
</iter>
<iter>
<var name="${index}">52</var>
<kw name="Set Variable" library="BuiltIn">
<var>${char}</var>
<arg>${STRING[${index}]}</arg>
<doc>Returns the given values which can then be assigned to a variables.</doc>
<msg timestamp="20240322 23:54:03.286" level="INFO">${char} =  </msg>
<status status="PASS" starttime="20240322 23:54:03.286" endtime="20240322 23:54:03.286"/>
</kw>
<kw name="Log" library="BuiltIn">
<arg>${char}</arg>
<doc>Logs the given message with the given level.</doc>
<msg timestamp="20240322 23:54:03.286" level="INFO"> </msg>
<status status="PASS" starttime="20240322 23:54:03.286" endtime="20240322 23:54:03.286"/>
</kw>
<status status="PASS" starttime="20240322 23:54:03.286" endtime="20240322 23:54:03.286"/>
</iter>
<iter>
<var name="${index}">53</var>
<kw name="Set Variable" library="BuiltIn">
<var>${char}</var>
<arg>${STRING[${index}]}</arg>
<doc>Returns the given values which can then be assigned to a variables.</doc>
<msg timestamp="20240322 23:54:03.288" level="INFO">${char} = d</msg>
<status status="PASS" starttime="20240322 23:54:03.288" endtime="20240322 23:54:03.288"/>
</kw>
<kw name="Log" library="BuiltIn">
<arg>${char}</arg>
<doc>Logs the given message with the given level.</doc>
<msg timestamp="20240322 23:54:03.288" level="INFO">d</msg>
<status status="PASS" starttime="20240322 23:54:03.288" endtime="20240322 23:54:03.288"/>
</kw>
<status status="PASS" starttime="20240322 23:54:03.286" endtime="20240322 23:54:03.288"/>
</iter>
<iter>
<var name="${index}">54</var>
<kw name="Set Variable" library="BuiltIn">
<var>${char}</var>
<arg>${STRING[${index}]}</arg>
<doc>Returns the given values which can then be assigned to a variables.</doc>
<msg timestamp="20240322 23:54:03.289" level="INFO">${char} = o</msg>
<status status="PASS" starttime="20240322 23:54:03.288" endtime="20240322 23:54:03.289"/>
</kw>
<kw name="Log" library="BuiltIn">
<arg>${char}</arg>
<doc>Logs the given message with the given level.</doc>
<msg timestamp="20240322 23:54:03.289" level="INFO">o</msg>
<status status="PASS" starttime="20240322 23:54:03.289" endtime="20240322 23:54:03.289"/>
</kw>
<status status="PASS" starttime="20240322 23:54:03.288" endtime="20240322 23:54:03.289"/>
</iter>
<iter>
<var name="${index}">55</var>
<kw name="Set Variable" library="BuiltIn">
<var>${char}</var>
<arg>${STRING[${index}]}</arg>
<doc>Returns the given values which can then be assigned to a variables.</doc>
<msg timestamp="20240322 23:54:03.289" level="INFO">${char} = e</msg>
<status status="PASS" starttime="20240322 23:54:03.289" endtime="20240322 23:54:03.289"/>
</kw>
<kw name="Log" library="BuiltIn">
<arg>${char}</arg>
<doc>Logs the given message with the given level.</doc>
<msg timestamp="20240322 23:54:03.290" level="INFO">e</msg>
<status status="PASS" starttime="20240322 23:54:03.290" endtime="20240322 23:54:03.290"/>
</kw>
<status status="PASS" starttime="20240322 23:54:03.289" endtime="20240322 23:54:03.290"/>
</iter>
<iter>
<var name="${index}">56</var>
<kw name="Set Variable" library="BuiltIn">
<var>${char}</var>
<arg>${STRING[${index}]}</arg>
<doc>Returns the given values which can then be assigned to a variables.</doc>
<msg timestamp="20240322 23:54:03.290" level="INFO">${char} = s</msg>
<status status="PASS" starttime="20240322 23:54:03.290" endtime="20240322 23:54:03.290"/>
</kw>
<kw name="Log" library="BuiltIn">
<arg>${char}</arg>
<doc>Logs the given message with the given level.</doc>
<msg timestamp="20240322 23:54:03.290" level="INFO">s</msg>
<status status="PASS" starttime="20240322 23:54:03.290" endtime="20240322 23:54:03.290"/>
</kw>
<status status="PASS" starttime="20240322 23:54:03.290" endtime="20240322 23:54:03.290"/>
</iter>
<iter>
<var name="${index}">57</var>
<kw name="Set Variable" library="BuiltIn">
<var>${char}</var>
<arg>${STRING[${index}]}</arg>
<doc>Returns the given values which can then be assigned to a variables.</doc>
<msg timestamp="20240322 23:54:03.291" level="INFO">${char} =  </msg>
<status status="PASS" starttime="20240322 23:54:03.290" endtime="20240322 23:54:03.291"/>
</kw>
<kw name="Log" library="BuiltIn">
<arg>${char}</arg>
<doc>Logs the given message with the given level.</doc>
<msg timestamp="20240322 23:54:03.291" level="INFO"> </msg>
<status status="PASS" starttime="20240322 23:54:03.291" endtime="20240322 23:54:03.291"/>
</kw>
<status status="PASS" starttime="20240322 23:54:03.290" endtime="20240322 23:54:03.291"/>
</iter>
<iter>
<var name="${index}">58</var>
<kw name="Set Variable" library="BuiltIn">
<var>${char}</var>
<arg>${STRING[${index}]}</arg>
<doc>Returns the given values which can then be assigned to a variables.</doc>
<msg timestamp="20240322 23:54:03.291" level="INFO">${char} = n</msg>
<status status="PASS" starttime="20240322 23:54:03.291" endtime="20240322 23:54:03.291"/>
</kw>
<kw name="Log" library="BuiltIn">
<arg>${char}</arg>
<doc>Logs the given message with the given level.</doc>
<msg timestamp="20240322 23:54:03.291" level="INFO">n</msg>
<status status="PASS" starttime="20240322 23:54:03.291" endtime="20240322 23:54:03.291"/>
</kw>
<status status="PASS" starttime="20240322 23:54:03.291" endtime="20240322 23:54:03.291"/>
</iter>
<iter>
<var name="${index}">59</var>
<kw name="Set Variable" library="BuiltIn">
<var>${char}</var>
<arg>${STRING[${index}]}</arg>
<doc>Returns the given values which can then be assigned to a variables.</doc>
<msg timestamp="20240322 23:54:03.292" level="INFO">${char} = o</msg>
<status status="PASS" starttime="20240322 23:54:03.292" endtime="20240322 23:54:03.292"/>
</kw>
<kw name="Log" library="BuiltIn">
<arg>${char}</arg>
<doc>Logs the given message with the given level.</doc>
<msg timestamp="20240322 23:54:03.292" level="INFO">o</msg>
<status status="PASS" starttime="20240322 23:54:03.292" endtime="20240322 23:54:03.292"/>
</kw>
<status status="PASS" starttime="20240322 23:54:03.291" endtime="20240322 23:54:03.292"/>
</iter>
<iter>
<var name="${index}">60</var>
<kw name="Set Variable" library="BuiltIn">
<var>${char}</var>
<arg>${STRING[${index}]}</arg>
<doc>Returns the given values which can then be assigned to a variables.</doc>
<msg timestamp="20240322 23:54:03.292" level="INFO">${char} = t</msg>
<status status="PASS" starttime="20240322 23:54:03.292" endtime="20240322 23:54:03.292"/>
</kw>
<kw name="Log" library="BuiltIn">
<arg>${char}</arg>
<doc>Logs the given message with the given level.</doc>
<msg timestamp="20240322 23:54:03.293" level="INFO">t</msg>
<status status="PASS" starttime="20240322 23:54:03.292" endtime="20240322 23:54:03.293"/>
</kw>
<status status="PASS" starttime="20240322 23:54:03.292" endtime="20240322 23:54:03.293"/>
</iter>
<iter>
<var name="${index}">61</var>
<kw name="Set Variable" library="BuiltIn">
<var>${char}</var>
<arg>${STRING[${index}]}</arg>
<doc>Returns the given values which can then be assigned to a variables.</doc>
<msg timestamp="20240322 23:54:03.293" level="INFO">${char} =  </msg>
<status status="PASS" starttime="20240322 23:54:03.293" endtime="20240322 23:54:03.293"/>
</kw>
<kw name="Log" library="BuiltIn">
<arg>${char}</arg>
<doc>Logs the given message with the given level.</doc>
<msg timestamp="20240322 23:54:03.293" level="INFO"> </msg>
<status status="PASS" starttime="20240322 23:54:03.293" endtime="20240322 23:54:03.293"/>
</kw>
<status status="PASS" starttime="20240322 23:54:03.293" endtime="20240322 23:54:03.293"/>
</iter>
<iter>
<var name="${index}">62</var>
<kw name="Set Variable" library="BuiltIn">
<var>${char}</var>
<arg>${STRING[${index}]}</arg>
<doc>Returns the given values which can then be assigned to a variables.</doc>
<msg timestamp="20240322 23:54:03.294" level="INFO">${char} = h</msg>
<status status="PASS" starttime="20240322 23:54:03.293" endtime="20240322 23:54:03.294"/>
</kw>
<kw name="Log" library="BuiltIn">
<arg>${char}</arg>
<doc>Logs the given message with the given level.</doc>
<msg timestamp="20240322 23:54:03.294" level="INFO">h</msg>
<status status="PASS" starttime="20240322 23:54:03.294" endtime="20240322 23:54:03.294"/>
</kw>
<status status="PASS" starttime="20240322 23:54:03.293" endtime="20240322 23:54:03.294"/>
</iter>
<iter>
<var name="${index}">63</var>
<kw name="Set Variable" library="BuiltIn">
<var>${char}</var>
<arg>${STRING[${index}]}</arg>
<doc>Returns the given values which can then be assigned to a variables.</doc>
<msg timestamp="20240322 23:54:03.295" level="INFO">${char} = a</msg>
<status status="PASS" starttime="20240322 23:54:03.295" endtime="20240322 23:54:03.295"/>
</kw>
<kw name="Log" library="BuiltIn">
<arg>${char}</arg>
<doc>Logs the given message with the given level.</doc>
<msg timestamp="20240322 23:54:03.295" level="INFO">a</msg>
<status status="PASS" starttime="20240322 23:54:03.295" endtime="20240322 23:54:03.295"/>
</kw>
<status status="PASS" starttime="20240322 23:54:03.294" endtime="20240322 23:54:03.295"/>
</iter>
<iter>
<var name="${index}">64</var>
<kw name="Set Variable" library="BuiltIn">
<var>${char}</var>
<arg>${STRING[${index}]}</arg>
<doc>Returns the given values which can then be assigned to a variables.</doc>
<msg timestamp="20240322 23:54:03.296" level="INFO">${char} = v</msg>
<status status="PASS" starttime="20240322 23:54:03.295" endtime="20240322 23:54:03.296"/>
</kw>
<kw name="Log" library="BuiltIn">
<arg>${char}</arg>
<doc>Logs the given message with the given level.</doc>
<msg timestamp="20240322 23:54:03.296" level="INFO">v</msg>
<status status="PASS" starttime="20240322 23:54:03.296" endtime="20240322 23:54:03.296"/>
</kw>
<status status="PASS" starttime="20240322 23:54:03.295" endtime="20240322 23:54:03.296"/>
</iter>
<iter>
<var name="${index}">65</var>
<kw name="Set Variable" library="BuiltIn">
<var>${char}</var>
<arg>${STRING[${index}]}</arg>
<doc>Returns the given values which can then be assigned to a variables.</doc>
<msg timestamp="20240322 23:54:03.296" level="INFO">${char} = e</msg>
<status status="PASS" starttime="20240322 23:54:03.296" endtime="20240322 23:54:03.296"/>
</kw>
<kw name="Log" library="BuiltIn">
<arg>${char}</arg>
<doc>Logs the given message with the given level.</doc>
<msg timestamp="20240322 23:54:03.296" level="INFO">e</msg>
<status status="PASS" starttime="20240322 23:54:03.296" endtime="20240322 23:54:03.296"/>
</kw>
<status status="PASS" starttime="20240322 23:54:03.296" endtime="20240322 23:54:03.296"/>
</iter>
<iter>
<var name="${index}">66</var>
<kw name="Set Variable" library="BuiltIn">
<var>${char}</var>
<arg>${STRING[${index}]}</arg>
<doc>Returns the given values which can then be assigned to a variables.</doc>
<msg timestamp="20240322 23:54:03.297" level="INFO">${char} =  </msg>
<status status="PASS" starttime="20240322 23:54:03.297" endtime="20240322 23:54:03.297"/>
</kw>
<kw name="Log" library="BuiltIn">
<arg>${char}</arg>
<doc>Logs the given message with the given level.</doc>
<msg timestamp="20240322 23:54:03.297" level="INFO"> </msg>
<status status="PASS" starttime="20240322 23:54:03.297" endtime="20240322 23:54:03.297"/>
</kw>
<status status="PASS" starttime="20240322 23:54:03.297" endtime="20240322 23:54:03.297"/>
</iter>
<iter>
<var name="${index}">67</var>
<kw name="Set Variable" library="BuiltIn">
<var>${char}</var>
<arg>${STRING[${index}]}</arg>
<doc>Returns the given values which can then be assigned to a variables.</doc>
<msg timestamp="20240322 23:54:03.297" level="INFO">${char} = n</msg>
<status status="PASS" starttime="20240322 23:54:03.297" endtime="20240322 23:54:03.297"/>
</kw>
<kw name="Log" library="BuiltIn">
<arg>${char}</arg>
<doc>Logs the given message with the given level.</doc>
<msg timestamp="20240322 23:54:03.298" level="INFO">n</msg>
<status status="PASS" starttime="20240322 23:54:03.297" endtime="20240322 23:54:03.298"/>
</kw>
<status status="PASS" starttime="20240322 23:54:03.297" endtime="20240322 23:54:03.298"/>
</iter>
<iter>
<var name="${index}">68</var>
<kw name="Set Variable" library="BuiltIn">
<var>${char}</var>
<arg>${STRING[${index}]}</arg>
<doc>Returns the given values which can then be assigned to a variables.</doc>
<msg timestamp="20240322 23:54:03.298" level="INFO">${char} = e</msg>
<status status="PASS" starttime="20240322 23:54:03.298" endtime="20240322 23:54:03.298"/>
</kw>
<kw name="Log" library="BuiltIn">
<arg>${char}</arg>
<doc>Logs the given message with the given level.</doc>
<msg timestamp="20240322 23:54:03.298" level="INFO">e</msg>
<status status="PASS" starttime="20240322 23:54:03.298" endtime="20240322 23:54:03.298"/>
</kw>
<status status="PASS" starttime="20240322 23:54:03.298" endtime="20240322 23:54:03.298"/>
</iter>
<iter>
<var name="${index}">69</var>
<kw name="Set Variable" library="BuiltIn">
<var>${char}</var>
<arg>${STRING[${index}]}</arg>
<doc>Returns the given values which can then be assigned to a variables.</doc>
<msg timestamp="20240322 23:54:03.299" level="INFO">${char} = w</msg>
<status status="PASS" starttime="20240322 23:54:03.298" endtime="20240322 23:54:03.299"/>
</kw>
<kw name="Log" library="BuiltIn">
<arg>${char}</arg>
<doc>Logs the given message with the given level.</doc>
<msg timestamp="20240322 23:54:03.299" level="INFO">w</msg>
<status status="PASS" starttime="20240322 23:54:03.299" endtime="20240322 23:54:03.299"/>
</kw>
<status status="PASS" starttime="20240322 23:54:03.298" endtime="20240322 23:54:03.299"/>
</iter>
<iter>
<var name="${index}">70</var>
<kw name="Set Variable" library="BuiltIn">
<var>${char}</var>
<arg>${STRING[${index}]}</arg>
<doc>Returns the given values which can then be assigned to a variables.</doc>
<msg timestamp="20240322 23:54:03.299" level="INFO">${char} = l</msg>
<status status="PASS" starttime="20240322 23:54:03.299" endtime="20240322 23:54:03.299"/>
</kw>
<kw name="Log" library="BuiltIn">
<arg>${char}</arg>
<doc>Logs the given message with the given level.</doc>
<msg timestamp="20240322 23:54:03.299" level="INFO">l</msg>
<status status="PASS" starttime="20240322 23:54:03.299" endtime="20240322 23:54:03.299"/>
</kw>
<status status="PASS" starttime="20240322 23:54:03.299" endtime="20240322 23:54:03.299"/>
</iter>
<iter>
<var name="${index}">71</var>
<kw name="Set Variable" library="BuiltIn">
<var>${char}</var>
<arg>${STRING[${index}]}</arg>
<doc>Returns the given values which can then be assigned to a variables.</doc>
<msg timestamp="20240322 23:54:03.300" level="INFO">${char} = i</msg>
<status status="PASS" starttime="20240322 23:54:03.300" endtime="20240322 23:54:03.300"/>
</kw>
<kw name="Log" library="BuiltIn">
<arg>${char}</arg>
<doc>Logs the given message with the given level.</doc>
<msg timestamp="20240322 23:54:03.300" level="INFO">i</msg>
<status status="PASS" starttime="20240322 23:54:03.300" endtime="20240322 23:54:03.300"/>
</kw>
<status status="PASS" starttime="20240322 23:54:03.300" endtime="20240322 23:54:03.300"/>
</iter>
<iter>
<var name="${index}">72</var>
<kw name="Set Variable" library="BuiltIn">
<var>${char}</var>
<arg>${STRING[${index}]}</arg>
<doc>Returns the given values which can then be assigned to a variables.</doc>
<msg timestamp="20240322 23:54:03.300" level="INFO">${char} = n</msg>
<status status="PASS" starttime="20240322 23:54:03.300" endtime="20240322 23:54:03.300"/>
</kw>
<kw name="Log" library="BuiltIn">
<arg>${char}</arg>
<doc>Logs the given message with the given level.</doc>
<msg timestamp="20240322 23:54:03.301" level="INFO">n</msg>
<status status="PASS" starttime="20240322 23:54:03.300" endtime="20240322 23:54:03.301"/>
</kw>
<status status="PASS" starttime="20240322 23:54:03.300" endtime="20240322 23:54:03.301"/>
</iter>
<iter>
<var name="${index}">73</var>
<kw name="Set Variable" library="BuiltIn">
<var>${char}</var>
<arg>${STRING[${index}]}</arg>
<doc>Returns the given values which can then be assigned to a variables.</doc>
<msg timestamp="20240322 23:54:03.301" level="INFO">${char} = e</msg>
<status status="PASS" starttime="20240322 23:54:03.301" endtime="20240322 23:54:03.301"/>
</kw>
<kw name="Log" library="BuiltIn">
<arg>${char}</arg>
<doc>Logs the given message with the given level.</doc>
<msg timestamp="20240322 23:54:03.301" level="INFO">e</msg>
<status status="PASS" starttime="20240322 23:54:03.301" endtime="20240322 23:54:03.301"/>
</kw>
<status status="PASS" starttime="20240322 23:54:03.301" endtime="20240322 23:54:03.301"/>
</iter>
<iter>
<var name="${index}">74</var>
<kw name="Set Variable" library="BuiltIn">
<var>${char}</var>
<arg>${STRING[${index}]}</arg>
<doc>Returns the given values which can then be assigned to a variables.</doc>
<msg timestamp="20240322 23:54:03.302" level="INFO">${char} = s</msg>
<status status="PASS" starttime="20240322 23:54:03.302" endtime="20240322 23:54:03.302"/>
</kw>
<kw name="Log" library="BuiltIn">
<arg>${char}</arg>
<doc>Logs the given message with the given level.</doc>
<msg timestamp="20240322 23:54:03.302" level="INFO">s</msg>
<status status="PASS" starttime="20240322 23:54:03.302" endtime="20240322 23:54:03.302"/>
</kw>
<status status="PASS" starttime="20240322 23:54:03.301" endtime="20240322 23:54:03.302"/>
</iter>
<iter>
<var name="${index}">75</var>
<kw name="Set Variable" library="BuiltIn">
<var>${char}</var>
<arg>${STRING[${index}]}</arg>
<doc>Returns the given values which can then be assigned to a variables.</doc>
<msg timestamp="20240322 23:54:03.302" level="INFO">${char} = .</msg>
<status status="PASS" starttime="20240322 23:54:03.302" endtime="20240322 23:54:03.302"/>
</kw>
<kw name="Log" library="BuiltIn">
<arg>${char}</arg>
<doc>Logs the given message with the given level.</doc>
<msg timestamp="20240322 23:54:03.303" level="INFO">.</msg>
<status status="PASS" starttime="20240322 23:54:03.303" endtime="20240322 23:54:03.303"/>
</kw>
<status status="PASS" starttime="20240322 23:54:03.302" endtime="20240322 23:54:03.303"/>
</iter>
<status status="PASS" starttime="20240322 23:54:03.251" endtime="20240322 23:54:03.303"/>
</for>
<kw name="Test End" type="TEARDOWN">
<kw name="Log" library="BuiltIn">
<arg>Ending test case,${ROBOT},Running on,${HOST}</arg>
<doc>Logs the given message with the given level.</doc>
<msg timestamp="20240322 23:54:03.303" level="INFO">Ending test case,Robot Framework 4.1.3 (Python 2.7.18 on darwin),Running on,Srinaths-MacBook-Air.local</msg>
<status status="PASS" starttime="20240322 23:54:03.303" endtime="20240322 23:54:03.303"/>
</kw>
<status status="PASS" starttime="20240322 23:54:03.303" endtime="20240322 23:54:03.303"/>
</kw>
<doc>Verify list of characters from a String</doc>
<status status="PASS" starttime="20240322 23:54:03.018" endtime="20240322 23:54:03.303"/>
</test>
<status status="PASS" starttime="20240322 23:54:02.344" endtime="20240322 23:54:03.304"/>
</suite>
<status status="PASS" starttime="20240322 23:54:02.343" endtime="20240322 23:54:03.305"/>
</suite>
<status status="PASS" starttime="20240322 23:54:02.334" endtime="20240322 23:54:03.306"/>
</suite>
<statistics>
<total>
<stat pass="1" fail="0" skip="0">All Tests</stat>
</total>
<tag>
</tag>
<suite>
<stat pass="1" fail="0" skip="0" id="s1" name="GitHubTraining">GitHubTraining</stat>
<stat pass="1" fail="0" skip="0" id="s1-s1" name="Robot Scripting">GitHubTraining.Robot Scripting</stat>
<stat pass="1" fail="0" skip="0" id="s1-s1-s1" name="Main">GitHubTraining.Robot Scripting.Main</stat>
</suite>
</statistics>
<errors>
</errors>
</robot>
